{"D:\\Users\\Aluno\\Documents\\windly\\backend\\controllers\\authController.js": {"path":"D:\\Users\\Aluno\\Documents\\windly\\backend\\controllers\\authController.js","statementMap":{"0":{"start":{"line":1,"column":15},"end":{"line":1,"column":34}},"1":{"start":{"line":2,"column":12},"end":{"line":2,"column":35}},"2":{"start":{"line":3,"column":34},"end":{"line":3,"column":69}},"3":{"start":{"line":4,"column":20},"end":{"line":4,"column":54}},"4":{"start":{"line":6,"column":19},"end":{"line":6,"column":41}},"5":{"start":{"line":7,"column":32},"end":{"line":7,"column":33}},"6":{"start":{"line":9,"column":19},"end":{"line":9,"column":21}},"7":{"start":{"line":12,"column":22},"end":{"line":12,"column":24}},"8":{"start":{"line":13,"column":21},"end":{"line":13,"column":22}},"9":{"start":{"line":14,"column":22},"end":{"line":14,"column":36}},"10":{"start":{"line":17,"column":2},"end":{"line":21,"column":3}},"11":{"start":{"line":18,"column":4},"end":{"line":18,"column":48}},"12":{"start":{"line":20,"column":4},"end":{"line":20,"column":59}},"13":{"start":{"line":25,"column":2},"end":{"line":35,"column":3}},"14":{"start":{"line":26,"column":4},"end":{"line":26,"column":67}},"15":{"start":{"line":28,"column":4},"end":{"line":32,"column":6}},"16":{"start":{"line":34,"column":4},"end":{"line":34,"column":103}},"17":{"start":{"line":38,"column":2},"end":{"line":44,"column":3}},"18":{"start":{"line":39,"column":4},"end":{"line":43,"column":6}},"19":{"start":{"line":46,"column":2},"end":{"line":46,"column":66}},"20":{"start":{"line":49,"column":21},"end":{"line":89,"column":1}},"21":{"start":{"line":50,"column":30},"end":{"line":50,"column":38}},"22":{"start":{"line":51,"column":14},"end":{"line":51,"column":24}},"23":{"start":{"line":53,"column":2},"end":{"line":55,"column":3}},"24":{"start":{"line":54,"column":4},"end":{"line":54,"column":57}},"25":{"start":{"line":57,"column":2},"end":{"line":60,"column":3}},"26":{"start":{"line":58,"column":24},"end":{"line":58,"column":84}},"27":{"start":{"line":59,"column":4},"end":{"line":59,"column":115}},"28":{"start":{"line":62,"column":15},"end":{"line":62,"column":54}},"29":{"start":{"line":63,"column":2},"end":{"line":66,"column":3}},"30":{"start":{"line":64,"column":4},"end":{"line":64,"column":33}},"31":{"start":{"line":65,"column":4},"end":{"line":65,"column":49}},"32":{"start":{"line":68,"column":16},"end":{"line":68,"column":61}},"33":{"start":{"line":69,"column":2},"end":{"line":72,"column":3}},"34":{"start":{"line":70,"column":4},"end":{"line":70,"column":33}},"35":{"start":{"line":71,"column":4},"end":{"line":71,"column":49}},"36":{"start":{"line":75,"column":2},"end":{"line":75,"column":55}},"37":{"start":{"line":78,"column":15},"end":{"line":78,"column":66}},"38":{"start":{"line":79,"column":18},"end":{"line":79,"column":66}},"39":{"start":{"line":81,"column":2},"end":{"line":81,"column":40}},"40":{"start":{"line":83,"column":2},"end":{"line":86,"column":4}},"41":{"start":{"line":88,"column":2},"end":{"line":88,"column":111}},"42":{"start":{"line":91,"column":18},"end":{"line":119,"column":1}},"43":{"start":{"line":92,"column":26},"end":{"line":92,"column":34}},"44":{"start":{"line":93,"column":16},"end":{"line":93,"column":33}},"45":{"start":{"line":95,"column":2},"end":{"line":97,"column":3}},"46":{"start":{"line":96,"column":4},"end":{"line":96,"column":107}},"47":{"start":{"line":99,"column":2},"end":{"line":102,"column":3}},"48":{"start":{"line":100,"column":4},"end":{"line":100,"column":29}},"49":{"start":{"line":101,"column":4},"end":{"line":101,"column":87}},"50":{"start":{"line":104,"column":2},"end":{"line":106,"column":3}},"51":{"start":{"line":105,"column":4},"end":{"line":105,"column":63}},"52":{"start":{"line":108,"column":2},"end":{"line":108,"column":27}},"53":{"start":{"line":110,"column":15},"end":{"line":110,"column":54}},"54":{"start":{"line":112,"column":16},"end":{"line":116,"column":3}},"55":{"start":{"line":118,"column":2},"end":{"line":118,"column":57}},"56":{"start":{"line":121,"column":0},"end":{"line":121,"column":45}}},"fnMap":{"0":{"name":"sendAlertEmail","decl":{"start":{"line":16,"column":15},"end":{"line":16,"column":29}},"loc":{"start":{"line":16,"column":46},"end":{"line":22,"column":1}},"line":16},"1":{"name":"handleFailedAttempt","decl":{"start":{"line":24,"column":15},"end":{"line":24,"column":34}},"loc":{"start":{"line":24,"column":47},"end":{"line":47,"column":1}},"line":24},"2":{"name":"(anonymous_2)","decl":{"start":{"line":49,"column":21},"end":{"line":49,"column":22}},"loc":{"start":{"line":49,"column":41},"end":{"line":89,"column":1}},"line":49},"3":{"name":"(anonymous_3)","decl":{"start":{"line":91,"column":18},"end":{"line":91,"column":19}},"loc":{"start":{"line":91,"column":38},"end":{"line":119,"column":1}},"line":91}},"branchMap":{"0":{"loc":{"start":{"line":25,"column":2},"end":{"line":35,"column":3}},"type":"if","locations":[{"start":{"line":25,"column":2},"end":{"line":35,"column":3}},{"start":{},"end":{}}],"line":25},"1":{"loc":{"start":{"line":38,"column":2},"end":{"line":44,"column":3}},"type":"if","locations":[{"start":{"line":38,"column":2},"end":{"line":44,"column":3}},{"start":{},"end":{}}],"line":38},"2":{"loc":{"start":{"line":53,"column":2},"end":{"line":55,"column":3}},"type":"if","locations":[{"start":{"line":53,"column":2},"end":{"line":55,"column":3}},{"start":{},"end":{}}],"line":53},"3":{"loc":{"start":{"line":57,"column":2},"end":{"line":60,"column":3}},"type":"if","locations":[{"start":{"line":57,"column":2},"end":{"line":60,"column":3}},{"start":{},"end":{}}],"line":57},"4":{"loc":{"start":{"line":63,"column":2},"end":{"line":66,"column":3}},"type":"if","locations":[{"start":{"line":63,"column":2},"end":{"line":66,"column":3}},{"start":{},"end":{}}],"line":63},"5":{"loc":{"start":{"line":69,"column":2},"end":{"line":72,"column":3}},"type":"if","locations":[{"start":{"line":69,"column":2},"end":{"line":72,"column":3}},{"start":{},"end":{}}],"line":69},"6":{"loc":{"start":{"line":95,"column":2},"end":{"line":97,"column":3}},"type":"if","locations":[{"start":{"line":95,"column":2},"end":{"line":97,"column":3}},{"start":{},"end":{}}],"line":95},"7":{"loc":{"start":{"line":99,"column":2},"end":{"line":102,"column":3}},"type":"if","locations":[{"start":{"line":99,"column":2},"end":{"line":102,"column":3}},{"start":{},"end":{}}],"line":99},"8":{"loc":{"start":{"line":104,"column":2},"end":{"line":106,"column":3}},"type":"if","locations":[{"start":{"line":104,"column":2},"end":{"line":106,"column":3}},{"start":{},"end":{}}],"line":104}},"s":{"0":2,"1":2,"2":2,"3":2,"4":2,"5":2,"6":2,"7":2,"8":2,"9":2,"10":2,"11":2,"12":0,"13":3,"14":0,"15":0,"16":0,"17":3,"18":2,"19":3,"20":2,"21":4,"22":4,"23":4,"24":2,"25":4,"26":0,"27":0,"28":4,"29":4,"30":2,"31":2,"32":2,"33":2,"34":1,"35":1,"36":1,"37":1,"38":1,"39":1,"40":1,"41":1,"42":2,"43":4,"44":4,"45":4,"46":4,"47":0,"48":0,"49":0,"50":0,"51":0,"52":0,"53":0,"54":0,"55":0,"56":2},"f":{"0":2,"1":3,"2":4,"3":4},"b":{"0":[0,3],"1":[2,1],"2":[2,2],"3":[0,4],"4":[2,2],"5":[1,1],"6":[4,0],"7":[0,0],"8":[0,0]},"_coverageSchema":"1a1c01bbd47fc00a2c39e90264f33305004495a9","hash":"19c3e9917a327f686fa2d628610d57408751d2ba"}
,"D:\\Users\\Aluno\\Documents\\windly\\backend\\controllers\\cidadeFavoritaController.js": {"path":"D:\\Users\\Aluno\\Documents\\windly\\backend\\controllers\\cidadeFavoritaController.js","statementMap":{"0":{"start":{"line":1,"column":30},"end":{"line":1,"column":74}},"1":{"start":{"line":5,"column":4},"end":{"line":11,"column":5}},"2":{"start":{"line":6,"column":29},"end":{"line":6,"column":39}},"3":{"start":{"line":7,"column":22},"end":{"line":7,"column":74}},"4":{"start":{"line":8,"column":6},"end":{"line":8,"column":36}},"5":{"start":{"line":10,"column":6},"end":{"line":10,"column":18}},"6":{"start":{"line":15,"column":4},"end":{"line":23,"column":5}},"7":{"start":{"line":16,"column":21},"end":{"line":16,"column":31}},"8":{"start":{"line":17,"column":29},"end":{"line":17,"column":38}},"9":{"start":{"line":18,"column":21},"end":{"line":18,"column":76}},"10":{"start":{"line":19,"column":6},"end":{"line":19,"column":84}},"11":{"start":{"line":19,"column":19},"end":{"line":19,"column":84}},"12":{"start":{"line":20,"column":6},"end":{"line":20,"column":35}},"13":{"start":{"line":22,"column":6},"end":{"line":22,"column":18}},"14":{"start":{"line":27,"column":4},"end":{"line":33,"column":5}},"15":{"start":{"line":28,"column":35},"end":{"line":28,"column":43}},"16":{"start":{"line":29,"column":25},"end":{"line":29,"column":81}},"17":{"start":{"line":30,"column":6},"end":{"line":30,"column":84}},"18":{"start":{"line":32,"column":6},"end":{"line":32,"column":18}},"19":{"start":{"line":37,"column":4},"end":{"line":45,"column":5}},"20":{"start":{"line":38,"column":21},"end":{"line":38,"column":31}},"21":{"start":{"line":39,"column":29},"end":{"line":39,"column":37}},"22":{"start":{"line":40,"column":23},"end":{"line":40,"column":73}},"23":{"start":{"line":41,"column":6},"end":{"line":41,"column":86}},"24":{"start":{"line":41,"column":21},"end":{"line":41,"column":86}},"25":{"start":{"line":42,"column":6},"end":{"line":42,"column":69}},"26":{"start":{"line":44,"column":6},"end":{"line":44,"column":18}},"27":{"start":{"line":49,"column":4},"end":{"line":57,"column":5}},"28":{"start":{"line":50,"column":21},"end":{"line":50,"column":31}},"29":{"start":{"line":51,"column":35},"end":{"line":51,"column":43}},"30":{"start":{"line":52,"column":25},"end":{"line":52,"column":81}},"31":{"start":{"line":53,"column":6},"end":{"line":53,"column":88}},"32":{"start":{"line":53,"column":23},"end":{"line":53,"column":88}},"33":{"start":{"line":54,"column":6},"end":{"line":54,"column":88}},"34":{"start":{"line":56,"column":6},"end":{"line":56,"column":18}},"35":{"start":{"line":61,"column":0},"end":{"line":61,"column":48}}},"fnMap":{"0":{"name":"(anonymous_0)","decl":{"start":{"line":4,"column":2},"end":{"line":4,"column":3}},"loc":{"start":{"line":4,"column":37},"end":{"line":12,"column":3}},"line":4},"1":{"name":"(anonymous_1)","decl":{"start":{"line":14,"column":2},"end":{"line":14,"column":3}},"loc":{"start":{"line":14,"column":32},"end":{"line":24,"column":3}},"line":14},"2":{"name":"(anonymous_2)","decl":{"start":{"line":26,"column":2},"end":{"line":26,"column":3}},"loc":{"start":{"line":26,"column":31},"end":{"line":34,"column":3}},"line":26},"3":{"name":"(anonymous_3)","decl":{"start":{"line":36,"column":2},"end":{"line":36,"column":3}},"loc":{"start":{"line":36,"column":31},"end":{"line":46,"column":3}},"line":36},"4":{"name":"(anonymous_4)","decl":{"start":{"line":48,"column":2},"end":{"line":48,"column":3}},"loc":{"start":{"line":48,"column":31},"end":{"line":58,"column":3}},"line":48}},"branchMap":{"0":{"loc":{"start":{"line":19,"column":6},"end":{"line":19,"column":84}},"type":"if","locations":[{"start":{"line":19,"column":6},"end":{"line":19,"column":84}},{"start":{},"end":{}}],"line":19},"1":{"loc":{"start":{"line":41,"column":6},"end":{"line":41,"column":86}},"type":"if","locations":[{"start":{"line":41,"column":6},"end":{"line":41,"column":86}},{"start":{},"end":{}}],"line":41},"2":{"loc":{"start":{"line":53,"column":6},"end":{"line":53,"column":88}},"type":"if","locations":[{"start":{"line":53,"column":6},"end":{"line":53,"column":88}},{"start":{},"end":{}}],"line":53}},"s":{"0":2,"1":2,"2":2,"3":2,"4":1,"5":1,"6":2,"7":2,"8":2,"9":2,"10":2,"11":1,"12":1,"13":0,"14":2,"15":2,"16":2,"17":1,"18":1,"19":2,"20":2,"21":2,"22":2,"23":2,"24":1,"25":1,"26":0,"27":2,"28":2,"29":2,"30":2,"31":2,"32":1,"33":1,"34":0,"35":2},"f":{"0":2,"1":2,"2":2,"3":2,"4":2},"b":{"0":[1,1],"1":[1,1],"2":[1,1]},"_coverageSchema":"1a1c01bbd47fc00a2c39e90264f33305004495a9","hash":"7c89ef28557af9b34d1556a3dd81624bebf4aa31"}
,"D:\\Users\\Aluno\\Documents\\windly\\backend\\controllers\\climaController.js": {"path":"D:\\Users\\Aluno\\Documents\\windly\\backend\\controllers\\climaController.js","statementMap":{"0":{"start":{"line":2,"column":21},"end":{"line":2,"column":56}},"1":{"start":{"line":3,"column":27},"end":{"line":3,"column":64}},"2":{"start":{"line":7,"column":21},"end":{"line":7,"column":31}},"3":{"start":{"line":9,"column":4},"end":{"line":11,"column":5}},"4":{"start":{"line":10,"column":6},"end":{"line":10,"column":69}},"5":{"start":{"line":13,"column":4},"end":{"line":23,"column":5}},"6":{"start":{"line":14,"column":26},"end":{"line":14,"column":61}},"7":{"start":{"line":15,"column":6},"end":{"line":17,"column":7}},"8":{"start":{"line":16,"column":8},"end":{"line":16,"column":66}},"9":{"start":{"line":19,"column":28},"end":{"line":19,"column":55}},"10":{"start":{"line":20,"column":6},"end":{"line":20,"column":37}},"11":{"start":{"line":22,"column":6},"end":{"line":22,"column":18}},"12":{"start":{"line":27,"column":0},"end":{"line":27,"column":33}}},"fnMap":{"0":{"name":"(anonymous_0)","decl":{"start":{"line":6,"column":2},"end":{"line":6,"column":3}},"loc":{"start":{"line":6,"column":42},"end":{"line":24,"column":3}},"line":6}},"branchMap":{"0":{"loc":{"start":{"line":9,"column":4},"end":{"line":11,"column":5}},"type":"if","locations":[{"start":{"line":9,"column":4},"end":{"line":11,"column":5}},{"start":{},"end":{}}],"line":9},"1":{"loc":{"start":{"line":15,"column":6},"end":{"line":17,"column":7}},"type":"if","locations":[{"start":{"line":15,"column":6},"end":{"line":17,"column":7}},{"start":{},"end":{}}],"line":15}},"s":{"0":2,"1":2,"2":5,"3":5,"4":1,"5":4,"6":4,"7":3,"8":1,"9":2,"10":2,"11":1,"12":2},"f":{"0":5},"b":{"0":[1,4],"1":[1,2]},"_coverageSchema":"1a1c01bbd47fc00a2c39e90264f33305004495a9","hash":"257f3b32f97ed0f44ec9ba32c4a468d649b4bef5"}
,"D:\\Users\\Aluno\\Documents\\windly\\backend\\controllers\\crossingController.js": {"path":"D:\\Users\\Aluno\\Documents\\windly\\backend\\controllers\\crossingController.js","statementMap":{"0":{"start":{"line":1,"column":24},"end":{"line":1,"column":62}},"1":{"start":{"line":7,"column":4},"end":{"line":7,"column":41}},"2":{"start":{"line":10,"column":15},"end":{"line":10,"column":29}},"3":{"start":{"line":11,"column":2},"end":{"line":11,"column":84}},"4":{"start":{"line":11,"column":13},"end":{"line":11,"column":84}},"5":{"start":{"line":13,"column":2},"end":{"line":21,"column":3}},"6":{"start":{"line":14,"column":20},"end":{"line":14,"column":67}},"7":{"start":{"line":15,"column":4},"end":{"line":15,"column":77}},"8":{"start":{"line":15,"column":23},"end":{"line":15,"column":77}},"9":{"start":{"line":17,"column":22},"end":{"line":17,"column":56}},"10":{"start":{"line":18,"column":4},"end":{"line":18,"column":31}},"11":{"start":{"line":20,"column":4},"end":{"line":20,"column":71}},"12":{"start":{"line":25,"column":15},"end":{"line":25,"column":29}},"13":{"start":{"line":26,"column":2},"end":{"line":26,"column":84}},"14":{"start":{"line":26,"column":13},"end":{"line":26,"column":84}},"15":{"start":{"line":28,"column":2},"end":{"line":37,"column":3}},"16":{"start":{"line":29,"column":20},"end":{"line":29,"column":67}},"17":{"start":{"line":30,"column":4},"end":{"line":30,"column":77}},"18":{"start":{"line":30,"column":23},"end":{"line":30,"column":77}},"19":{"start":{"line":32,"column":22},"end":{"line":32,"column":50}},"20":{"start":{"line":33,"column":4},"end":{"line":33,"column":31}},"21":{"start":{"line":35,"column":4},"end":{"line":35,"column":52}},"22":{"start":{"line":36,"column":4},"end":{"line":36,"column":71}},"23":{"start":{"line":41,"column":15},"end":{"line":41,"column":29}},"24":{"start":{"line":42,"column":2},"end":{"line":42,"column":84}},"25":{"start":{"line":42,"column":13},"end":{"line":42,"column":84}},"26":{"start":{"line":44,"column":2},"end":{"line":52,"column":3}},"27":{"start":{"line":45,"column":20},"end":{"line":45,"column":68}},"28":{"start":{"line":46,"column":4},"end":{"line":46,"column":77}},"29":{"start":{"line":46,"column":23},"end":{"line":46,"column":77}},"30":{"start":{"line":48,"column":22},"end":{"line":48,"column":57}},"31":{"start":{"line":49,"column":4},"end":{"line":49,"column":31}},"32":{"start":{"line":51,"column":4},"end":{"line":51,"column":71}},"33":{"start":{"line":56,"column":15},"end":{"line":56,"column":29}},"34":{"start":{"line":57,"column":2},"end":{"line":57,"column":84}},"35":{"start":{"line":57,"column":13},"end":{"line":57,"column":84}},"36":{"start":{"line":59,"column":2},"end":{"line":74,"column":3}},"37":{"start":{"line":60,"column":20},"end":{"line":60,"column":67}},"38":{"start":{"line":61,"column":4},"end":{"line":61,"column":77}},"39":{"start":{"line":61,"column":23},"end":{"line":61,"column":77}},"40":{"start":{"line":63,"column":22},"end":{"line":63,"column":66}},"41":{"start":{"line":64,"column":21},"end":{"line":64,"column":59}},"42":{"start":{"line":66,"column":18},"end":{"line":69,"column":5}},"43":{"start":{"line":66,"column":40},"end":{"line":66,"column":61}},"44":{"start":{"line":71,"column":4},"end":{"line":71,"column":27}},"45":{"start":{"line":73,"column":4},"end":{"line":73,"column":71}},"46":{"start":{"line":77,"column":0},"end":{"line":82,"column":2}}},"fnMap":{"0":{"name":"getDailyClimateHistory","decl":{"start":{"line":9,"column":15},"end":{"line":9,"column":37}},"loc":{"start":{"line":9,"column":48},"end":{"line":22,"column":1}},"line":9},"1":{"name":"getTodayHourlyWeather","decl":{"start":{"line":24,"column":15},"end":{"line":24,"column":36}},"loc":{"start":{"line":24,"column":47},"end":{"line":38,"column":1}},"line":24},"2":{"name":"getMonthlyPrecipitation","decl":{"start":{"line":40,"column":15},"end":{"line":40,"column":38}},"loc":{"start":{"line":40,"column":49},"end":{"line":53,"column":1}},"line":40},"3":{"name":"getTodayPrecipProbability","decl":{"start":{"line":55,"column":15},"end":{"line":55,"column":40}},"loc":{"start":{"line":55,"column":51},"end":{"line":75,"column":1}},"line":55},"4":{"name":"(anonymous_4)","decl":{"start":{"line":66,"column":33},"end":{"line":66,"column":34}},"loc":{"start":{"line":66,"column":40},"end":{"line":66,"column":61}},"line":66}},"branchMap":{"0":{"loc":{"start":{"line":11,"column":2},"end":{"line":11,"column":84}},"type":"if","locations":[{"start":{"line":11,"column":2},"end":{"line":11,"column":84}},{"start":{},"end":{}}],"line":11},"1":{"loc":{"start":{"line":15,"column":4},"end":{"line":15,"column":77}},"type":"if","locations":[{"start":{"line":15,"column":4},"end":{"line":15,"column":77}},{"start":{},"end":{}}],"line":15},"2":{"loc":{"start":{"line":26,"column":2},"end":{"line":26,"column":84}},"type":"if","locations":[{"start":{"line":26,"column":2},"end":{"line":26,"column":84}},{"start":{},"end":{}}],"line":26},"3":{"loc":{"start":{"line":30,"column":4},"end":{"line":30,"column":77}},"type":"if","locations":[{"start":{"line":30,"column":4},"end":{"line":30,"column":77}},{"start":{},"end":{}}],"line":30},"4":{"loc":{"start":{"line":42,"column":2},"end":{"line":42,"column":84}},"type":"if","locations":[{"start":{"line":42,"column":2},"end":{"line":42,"column":84}},{"start":{},"end":{}}],"line":42},"5":{"loc":{"start":{"line":46,"column":4},"end":{"line":46,"column":77}},"type":"if","locations":[{"start":{"line":46,"column":4},"end":{"line":46,"column":77}},{"start":{},"end":{}}],"line":46},"6":{"loc":{"start":{"line":57,"column":2},"end":{"line":57,"column":84}},"type":"if","locations":[{"start":{"line":57,"column":2},"end":{"line":57,"column":84}},{"start":{},"end":{}}],"line":57},"7":{"loc":{"start":{"line":61,"column":4},"end":{"line":61,"column":77}},"type":"if","locations":[{"start":{"line":61,"column":4},"end":{"line":61,"column":77}},{"start":{},"end":{}}],"line":61},"8":{"loc":{"start":{"line":66,"column":18},"end":{"line":69,"column":5}},"type":"binary-expr","locations":[{"start":{"line":66,"column":18},"end":{"line":66,"column":62}},{"start":{"line":66,"column":66},"end":{"line":69,"column":5}}],"line":66}},"s":{"0":2,"1":2,"2":4,"3":4,"4":1,"5":3,"6":3,"7":2,"8":1,"9":1,"10":1,"11":1,"12":3,"13":3,"14":1,"15":2,"16":2,"17":1,"18":0,"19":1,"20":1,"21":1,"22":1,"23":3,"24":3,"25":1,"26":2,"27":2,"28":1,"29":0,"30":1,"31":1,"32":1,"33":4,"34":4,"35":1,"36":3,"37":3,"38":2,"39":0,"40":2,"41":2,"42":2,"43":2,"44":2,"45":1,"46":2},"f":{"0":4,"1":3,"2":3,"3":4,"4":2},"b":{"0":[1,3],"1":[1,1],"2":[1,2],"3":[0,1],"4":[1,2],"5":[0,1],"6":[1,3],"7":[0,2],"8":[2,1]},"_coverageSchema":"1a1c01bbd47fc00a2c39e90264f33305004495a9","hash":"df026e327909c4bdc9255a55742eff6cf66c9b39"}
,"D:\\Users\\Aluno\\Documents\\windly\\backend\\controllers\\lembreteController.js": {"path":"D:\\Users\\Aluno\\Documents\\windly\\backend\\controllers\\lembreteController.js","statementMap":{"0":{"start":{"line":1,"column":24},"end":{"line":1,"column":62}},"1":{"start":{"line":5,"column":4},"end":{"line":11,"column":5}},"2":{"start":{"line":6,"column":29},"end":{"line":6,"column":39}},"3":{"start":{"line":7,"column":24},"end":{"line":7,"column":70}},"4":{"start":{"line":8,"column":6},"end":{"line":8,"column":38}},"5":{"start":{"line":10,"column":6},"end":{"line":10,"column":67}},"6":{"start":{"line":15,"column":4},"end":{"line":22,"column":5}},"7":{"start":{"line":16,"column":21},"end":{"line":16,"column":31}},"8":{"start":{"line":17,"column":23},"end":{"line":17,"column":56}},"9":{"start":{"line":18,"column":6},"end":{"line":18,"column":88}},"10":{"start":{"line":18,"column":21},"end":{"line":18,"column":88}},"11":{"start":{"line":19,"column":6},"end":{"line":19,"column":37}},"12":{"start":{"line":21,"column":6},"end":{"line":21,"column":66}},"13":{"start":{"line":26,"column":4},"end":{"line":35,"column":5}},"14":{"start":{"line":27,"column":48},"end":{"line":27,"column":56}},"15":{"start":{"line":28,"column":6},"end":{"line":30,"column":7}},"16":{"start":{"line":29,"column":8},"end":{"line":29,"column":88}},"17":{"start":{"line":31,"column":27},"end":{"line":31,"column":90}},"18":{"start":{"line":32,"column":6},"end":{"line":32,"column":79}},"19":{"start":{"line":34,"column":6},"end":{"line":34,"column":65}},"20":{"start":{"line":39,"column":4},"end":{"line":49,"column":5}},"21":{"start":{"line":40,"column":21},"end":{"line":40,"column":31}},"22":{"start":{"line":41,"column":36},"end":{"line":41,"column":44}},"23":{"start":{"line":42,"column":33},"end":{"line":42,"column":88}},"24":{"start":{"line":43,"column":6},"end":{"line":45,"column":7}},"25":{"start":{"line":44,"column":8},"end":{"line":44,"column":90}},"26":{"start":{"line":46,"column":6},"end":{"line":46,"column":89}},"27":{"start":{"line":48,"column":6},"end":{"line":48,"column":69}},"28":{"start":{"line":53,"column":4},"end":{"line":60,"column":5}},"29":{"start":{"line":54,"column":21},"end":{"line":54,"column":31}},"30":{"start":{"line":55,"column":23},"end":{"line":55,"column":55}},"31":{"start":{"line":56,"column":6},"end":{"line":56,"column":88}},"32":{"start":{"line":56,"column":21},"end":{"line":56,"column":88}},"33":{"start":{"line":57,"column":6},"end":{"line":57,"column":62}},"34":{"start":{"line":59,"column":6},"end":{"line":59,"column":67}},"35":{"start":{"line":64,"column":0},"end":{"line":64,"column":42}}},"fnMap":{"0":{"name":"(anonymous_0)","decl":{"start":{"line":4,"column":2},"end":{"line":4,"column":3}},"loc":{"start":{"line":4,"column":31},"end":{"line":12,"column":3}},"line":4},"1":{"name":"(anonymous_1)","decl":{"start":{"line":14,"column":2},"end":{"line":14,"column":3}},"loc":{"start":{"line":14,"column":26},"end":{"line":23,"column":3}},"line":14},"2":{"name":"(anonymous_2)","decl":{"start":{"line":25,"column":2},"end":{"line":25,"column":3}},"loc":{"start":{"line":25,"column":25},"end":{"line":36,"column":3}},"line":25},"3":{"name":"(anonymous_3)","decl":{"start":{"line":38,"column":2},"end":{"line":38,"column":3}},"loc":{"start":{"line":38,"column":25},"end":{"line":50,"column":3}},"line":38},"4":{"name":"(anonymous_4)","decl":{"start":{"line":52,"column":2},"end":{"line":52,"column":3}},"loc":{"start":{"line":52,"column":25},"end":{"line":61,"column":3}},"line":52}},"branchMap":{"0":{"loc":{"start":{"line":18,"column":6},"end":{"line":18,"column":88}},"type":"if","locations":[{"start":{"line":18,"column":6},"end":{"line":18,"column":88}},{"start":{},"end":{}}],"line":18},"1":{"loc":{"start":{"line":28,"column":6},"end":{"line":30,"column":7}},"type":"if","locations":[{"start":{"line":28,"column":6},"end":{"line":30,"column":7}},{"start":{},"end":{}}],"line":28},"2":{"loc":{"start":{"line":28,"column":10},"end":{"line":28,"column":32}},"type":"binary-expr","locations":[{"start":{"line":28,"column":10},"end":{"line":28,"column":21}},{"start":{"line":28,"column":25},"end":{"line":28,"column":32}}],"line":28},"3":{"loc":{"start":{"line":43,"column":6},"end":{"line":45,"column":7}},"type":"if","locations":[{"start":{"line":43,"column":6},"end":{"line":45,"column":7}},{"start":{},"end":{}}],"line":43},"4":{"loc":{"start":{"line":56,"column":6},"end":{"line":56,"column":88}},"type":"if","locations":[{"start":{"line":56,"column":6},"end":{"line":56,"column":88}},{"start":{},"end":{}}],"line":56}},"s":{"0":2,"1":2,"2":2,"3":2,"4":1,"5":1,"6":3,"7":3,"8":3,"9":2,"10":1,"11":1,"12":1,"13":4,"14":4,"15":4,"16":2,"17":2,"18":1,"19":1,"20":3,"21":3,"22":3,"23":3,"24":2,"25":1,"26":1,"27":1,"28":3,"29":3,"30":3,"31":2,"32":1,"33":1,"34":1,"35":2},"f":{"0":2,"1":3,"2":4,"3":3,"4":3},"b":{"0":[1,1],"1":[2,2],"2":[4,3],"3":[1,1],"4":[1,1]},"_coverageSchema":"1a1c01bbd47fc00a2c39e90264f33305004495a9","hash":"5bfd162983d79a6747a28a30cff286c14afeede8"}
,"D:\\Users\\Aluno\\Documents\\windly\\backend\\controllers\\previsaoController.js": {"path":"D:\\Users\\Aluno\\Documents\\windly\\backend\\controllers\\previsaoController.js","statementMap":{"0":{"start":{"line":1,"column":24},"end":{"line":1,"column":62}},"1":{"start":{"line":2,"column":51},"end":{"line":2,"column":88}},"2":{"start":{"line":6,"column":21},"end":{"line":6,"column":31}},"3":{"start":{"line":8,"column":4},"end":{"line":10,"column":5}},"4":{"start":{"line":9,"column":6},"end":{"line":9,"column":69}},"5":{"start":{"line":12,"column":4},"end":{"line":23,"column":5}},"6":{"start":{"line":13,"column":27},"end":{"line":13,"column":66}},"7":{"start":{"line":15,"column":6},"end":{"line":17,"column":7}},"8":{"start":{"line":16,"column":8},"end":{"line":16,"column":67}},"9":{"start":{"line":19,"column":28},"end":{"line":19,"column":64}},"10":{"start":{"line":20,"column":6},"end":{"line":20,"column":36}},"11":{"start":{"line":22,"column":6},"end":{"line":22,"column":18}},"12":{"start":{"line":27,"column":0},"end":{"line":27,"column":36}}},"fnMap":{"0":{"name":"(anonymous_0)","decl":{"start":{"line":5,"column":2},"end":{"line":5,"column":3}},"loc":{"start":{"line":5,"column":43},"end":{"line":24,"column":3}},"line":5}},"branchMap":{"0":{"loc":{"start":{"line":8,"column":4},"end":{"line":10,"column":5}},"type":"if","locations":[{"start":{"line":8,"column":4},"end":{"line":10,"column":5}},{"start":{},"end":{}}],"line":8},"1":{"loc":{"start":{"line":15,"column":6},"end":{"line":17,"column":7}},"type":"if","locations":[{"start":{"line":15,"column":6},"end":{"line":17,"column":7}},{"start":{},"end":{}}],"line":15}},"s":{"0":2,"1":2,"2":6,"3":6,"4":1,"5":5,"6":5,"7":4,"8":1,"9":3,"10":3,"11":1,"12":2},"f":{"0":6},"b":{"0":[1,5],"1":[1,3]},"_coverageSchema":"1a1c01bbd47fc00a2c39e90264f33305004495a9","hash":"93fc160b1a7f7db4d97f38e5f77145e1b205db18"}
,"D:\\Users\\Aluno\\Documents\\windly\\backend\\controllers\\userConfigController.js": {"path":"D:\\Users\\Aluno\\Documents\\windly\\backend\\controllers\\userConfigController.js","statementMap":{"0":{"start":{"line":1,"column":16},"end":{"line":1,"column":56}},"1":{"start":{"line":3,"column":0},"end":{"line":14,"column":2}},"2":{"start":{"line":4,"column":25},"end":{"line":4,"column":35}},"3":{"start":{"line":5,"column":2},"end":{"line":13,"column":3}},"4":{"start":{"line":6,"column":17},"end":{"line":6,"column":52}},"5":{"start":{"line":7,"column":4},"end":{"line":9,"column":5}},"6":{"start":{"line":8,"column":6},"end":{"line":8,"column":54}},"7":{"start":{"line":10,"column":4},"end":{"line":10,"column":21}},"8":{"start":{"line":12,"column":4},"end":{"line":12,"column":67}},"9":{"start":{"line":16,"column":0},"end":{"line":30,"column":2}},"10":{"start":{"line":17,"column":25},"end":{"line":17,"column":35}},"11":{"start":{"line":18,"column":73},"end":{"line":18,"column":81}},"12":{"start":{"line":19,"column":2},"end":{"line":29,"column":3}},"13":{"start":{"line":21,"column":17},"end":{"line":21,"column":52}},"14":{"start":{"line":22,"column":4},"end":{"line":24,"column":5}},"15":{"start":{"line":23,"column":6},"end":{"line":23,"column":45}},"16":{"start":{"line":25,"column":20},"end":{"line":25,"column":122}},"17":{"start":{"line":26,"column":4},"end":{"line":26,"column":22}},"18":{"start":{"line":28,"column":4},"end":{"line":28,"column":70}}},"fnMap":{"0":{"name":"(anonymous_0)","decl":{"start":{"line":3,"column":20},"end":{"line":3,"column":21}},"loc":{"start":{"line":3,"column":40},"end":{"line":14,"column":1}},"line":3},"1":{"name":"(anonymous_1)","decl":{"start":{"line":16,"column":23},"end":{"line":16,"column":24}},"loc":{"start":{"line":16,"column":43},"end":{"line":30,"column":1}},"line":16}},"branchMap":{"0":{"loc":{"start":{"line":7,"column":4},"end":{"line":9,"column":5}},"type":"if","locations":[{"start":{"line":7,"column":4},"end":{"line":9,"column":5}},{"start":{},"end":{}}],"line":7},"1":{"loc":{"start":{"line":22,"column":4},"end":{"line":24,"column":5}},"type":"if","locations":[{"start":{"line":22,"column":4},"end":{"line":24,"column":5}},{"start":{},"end":{}}],"line":22}},"s":{"0":2,"1":2,"2":3,"3":3,"4":3,"5":2,"6":1,"7":2,"8":1,"9":2,"10":4,"11":4,"12":4,"13":4,"14":3,"15":1,"16":3,"17":3,"18":1},"f":{"0":3,"1":4},"b":{"0":[1,1],"1":[1,2]},"_coverageSchema":"1a1c01bbd47fc00a2c39e90264f33305004495a9","hash":"6bb9e9ce9601a32f92ccbf35ec886400744110ee"}
,"D:\\Users\\Aluno\\Documents\\windly\\backend\\controllers\\userController.js": {"path":"D:\\Users\\Aluno\\Documents\\windly\\backend\\controllers\\userController.js","statementMap":{"0":{"start":{"line":1,"column":20},"end":{"line":1,"column":54}},"1":{"start":{"line":3,"column":19},"end":{"line":16,"column":1}},"2":{"start":{"line":4,"column":36},"end":{"line":4,"column":44}},"3":{"start":{"line":6,"column":2},"end":{"line":15,"column":3}},"4":{"start":{"line":7,"column":17},"end":{"line":7,"column":68}},"5":{"start":{"line":8,"column":4},"end":{"line":8,"column":38}},"6":{"start":{"line":10,"column":4},"end":{"line":12,"column":5}},"7":{"start":{"line":11,"column":6},"end":{"line":11,"column":83}},"8":{"start":{"line":13,"column":4},"end":{"line":13,"column":25}},"9":{"start":{"line":14,"column":4},"end":{"line":14,"column":61}},"10":{"start":{"line":18,"column":20},"end":{"line":26,"column":1}},"11":{"start":{"line":19,"column":2},"end":{"line":25,"column":3}},"12":{"start":{"line":20,"column":17},"end":{"line":20,"column":61}},"13":{"start":{"line":21,"column":4},"end":{"line":21,"column":80}},"14":{"start":{"line":21,"column":15},"end":{"line":21,"column":80}},"15":{"start":{"line":22,"column":4},"end":{"line":22,"column":55}},"16":{"start":{"line":24,"column":4},"end":{"line":24,"column":62}},"17":{"start":{"line":28,"column":23},"end":{"line":37,"column":1}},"18":{"start":{"line":29,"column":2},"end":{"line":36,"column":3}},"19":{"start":{"line":30,"column":17},"end":{"line":30,"column":66}},"20":{"start":{"line":31,"column":4},"end":{"line":31,"column":80}},"21":{"start":{"line":31,"column":15},"end":{"line":31,"column":80}},"22":{"start":{"line":32,"column":4},"end":{"line":32,"column":25}},"23":{"start":{"line":33,"column":4},"end":{"line":33,"column":55}},"24":{"start":{"line":35,"column":4},"end":{"line":35,"column":62}},"25":{"start":{"line":39,"column":20},"end":{"line":47,"column":1}},"26":{"start":{"line":40,"column":2},"end":{"line":46,"column":5}},"27":{"start":{"line":41,"column":18},"end":{"line":41,"column":49}},"28":{"start":{"line":42,"column":4},"end":{"line":42,"column":82}},"29":{"start":{"line":42,"column":16},"end":{"line":42,"column":82}},"30":{"start":{"line":43,"column":4},"end":{"line":43,"column":20}},"31":{"start":{"line":45,"column":6},"end":{"line":45,"column":65}},"32":{"start":{"line":49,"column":19},"end":{"line":59,"column":1}},"33":{"start":{"line":50,"column":17},"end":{"line":50,"column":27}},"34":{"start":{"line":51,"column":26},"end":{"line":51,"column":34}},"35":{"start":{"line":53,"column":2},"end":{"line":58,"column":3}},"36":{"start":{"line":54,"column":17},"end":{"line":54,"column":62}},"37":{"start":{"line":55,"column":4},"end":{"line":55,"column":19}},"38":{"start":{"line":57,"column":4},"end":{"line":57,"column":65}},"39":{"start":{"line":61,"column":19},"end":{"line":68,"column":1}},"40":{"start":{"line":62,"column":2},"end":{"line":67,"column":3}},"41":{"start":{"line":63,"column":4},"end":{"line":63,"column":48}},"42":{"start":{"line":64,"column":4},"end":{"line":64,"column":58}},"43":{"start":{"line":66,"column":4},"end":{"line":66,"column":63}},"44":{"start":{"line":70,"column":0},"end":{"line":77,"column":2}}},"fnMap":{"0":{"name":"(anonymous_0)","decl":{"start":{"line":3,"column":19},"end":{"line":3,"column":20}},"loc":{"start":{"line":3,"column":39},"end":{"line":16,"column":1}},"line":3},"1":{"name":"(anonymous_1)","decl":{"start":{"line":18,"column":20},"end":{"line":18,"column":21}},"loc":{"start":{"line":18,"column":40},"end":{"line":26,"column":1}},"line":18},"2":{"name":"(anonymous_2)","decl":{"start":{"line":28,"column":23},"end":{"line":28,"column":24}},"loc":{"start":{"line":28,"column":43},"end":{"line":37,"column":1}},"line":28},"3":{"name":"(anonymous_3)","decl":{"start":{"line":39,"column":20},"end":{"line":39,"column":21}},"loc":{"start":{"line":39,"column":40},"end":{"line":47,"column":1}},"line":39},"4":{"name":"(anonymous_4)","decl":{"start":{"line":49,"column":19},"end":{"line":49,"column":20}},"loc":{"start":{"line":49,"column":39},"end":{"line":59,"column":1}},"line":49},"5":{"name":"(anonymous_5)","decl":{"start":{"line":61,"column":19},"end":{"line":61,"column":20}},"loc":{"start":{"line":61,"column":39},"end":{"line":68,"column":1}},"line":61}},"branchMap":{"0":{"loc":{"start":{"line":10,"column":4},"end":{"line":12,"column":5}},"type":"if","locations":[{"start":{"line":10,"column":4},"end":{"line":12,"column":5}},{"start":{},"end":{}}],"line":10},"1":{"loc":{"start":{"line":21,"column":4},"end":{"line":21,"column":80}},"type":"if","locations":[{"start":{"line":21,"column":4},"end":{"line":21,"column":80}},{"start":{},"end":{}}],"line":21},"2":{"loc":{"start":{"line":31,"column":4},"end":{"line":31,"column":80}},"type":"if","locations":[{"start":{"line":31,"column":4},"end":{"line":31,"column":80}},{"start":{},"end":{}}],"line":31},"3":{"loc":{"start":{"line":42,"column":4},"end":{"line":42,"column":82}},"type":"if","locations":[{"start":{"line":42,"column":4},"end":{"line":42,"column":82}},{"start":{},"end":{}}],"line":42}},"s":{"0":1,"1":1,"2":3,"3":3,"4":3,"5":1,"6":2,"7":1,"8":1,"9":1,"10":1,"11":3,"12":3,"13":2,"14":1,"15":1,"16":1,"17":1,"18":3,"19":3,"20":2,"21":1,"22":1,"23":1,"24":1,"25":1,"26":3,"27":3,"28":2,"29":1,"30":1,"31":1,"32":1,"33":2,"34":2,"35":2,"36":2,"37":1,"38":1,"39":1,"40":2,"41":2,"42":1,"43":1,"44":1},"f":{"0":3,"1":3,"2":3,"3":3,"4":2,"5":2},"b":{"0":[1,1],"1":[1,1],"2":[1,1],"3":[1,1]},"_coverageSchema":"1a1c01bbd47fc00a2c39e90264f33305004495a9","hash":"8cb5504cbf7c004f15b61f3850e1a7e08c31c351"}
,"D:\\Users\\Aluno\\Documents\\windly\\backend\\db\\db.js": {"path":"D:\\Users\\Aluno\\Documents\\windly\\backend\\db\\db.js","statementMap":{"0":{"start":{"line":2,"column":0},"end":{"line":2,"column":27}},"1":{"start":{"line":4,"column":17},"end":{"line":4,"column":30}},"2":{"start":{"line":8,"column":0},"end":{"line":16,"column":1}},"3":{"start":{"line":9,"column":2},"end":{"line":11,"column":5}},"4":{"start":{"line":12,"column":2},"end":{"line":12,"column":74}},"5":{"start":{"line":14,"column":2},"end":{"line":14,"column":72}},"6":{"start":{"line":15,"column":2},"end":{"line":15,"column":18}},"7":{"start":{"line":19,"column":14},"end":{"line":19,"column":56}},"8":{"start":{"line":19,"column":32},"end":{"line":19,"column":56}},"9":{"start":{"line":21,"column":0},"end":{"line":21,"column":27}}},"fnMap":{"0":{"name":"(anonymous_0)","decl":{"start":{"line":19,"column":14},"end":{"line":19,"column":15}},"loc":{"start":{"line":19,"column":32},"end":{"line":19,"column":56}},"line":19}},"branchMap":{},"s":{"0":17,"1":17,"2":17,"3":17,"4":17,"5":0,"6":0,"7":17,"8":0,"9":17},"f":{"0":0},"b":{},"_coverageSchema":"1a1c01bbd47fc00a2c39e90264f33305004495a9","hash":"1547afc780c8eeb8906229455a2127586f0442b4"}
,"D:\\Users\\Aluno\\Documents\\windly\\backend\\db\\dbInit.js": {"path":"D:\\Users\\Aluno\\Documents\\windly\\backend\\db\\dbInit.js","statementMap":{"0":{"start":{"line":1,"column":11},"end":{"line":1,"column":26}},"1":{"start":{"line":4,"column":20},"end":{"line":77,"column":1}},"2":{"start":{"line":6,"column":31},"end":{"line":6,"column":68}},"3":{"start":{"line":8,"column":40},"end":{"line":8,"column":87}},"4":{"start":{"line":10,"column":34},"end":{"line":10,"column":74}},"5":{"start":{"line":12,"column":36},"end":{"line":12,"column":79}},"6":{"start":{"line":14,"column":2},"end":{"line":76,"column":3}},"7":{"start":{"line":16,"column":24},"end":{"line":16,"column":60}},"8":{"start":{"line":17,"column":4},"end":{"line":28,"column":5}},"9":{"start":{"line":18,"column":31},"end":{"line":26,"column":7}},"10":{"start":{"line":27,"column":6},"end":{"line":27,"column":39}},"11":{"start":{"line":31,"column":33},"end":{"line":31,"column":78}},"12":{"start":{"line":32,"column":4},"end":{"line":41,"column":5}},"13":{"start":{"line":33,"column":40},"end":{"line":39,"column":7}},"14":{"start":{"line":40,"column":6},"end":{"line":40,"column":48}},"15":{"start":{"line":44,"column":27},"end":{"line":44,"column":66}},"16":{"start":{"line":45,"column":4},"end":{"line":56,"column":5}},"17":{"start":{"line":46,"column":34},"end":{"line":54,"column":7}},"18":{"start":{"line":55,"column":6},"end":{"line":55,"column":42}},"19":{"start":{"line":59,"column":29},"end":{"line":59,"column":70}},"20":{"start":{"line":60,"column":4},"end":{"line":72,"column":5}},"21":{"start":{"line":61,"column":36},"end":{"line":70,"column":7}},"22":{"start":{"line":71,"column":6},"end":{"line":71,"column":44}},"23":{"start":{"line":75,"column":4},"end":{"line":75,"column":57}},"24":{"start":{"line":79,"column":0},"end":{"line":79,"column":29}}},"fnMap":{"0":{"name":"(anonymous_0)","decl":{"start":{"line":4,"column":20},"end":{"line":4,"column":21}},"loc":{"start":{"line":4,"column":32},"end":{"line":77,"column":1}},"line":4}},"branchMap":{"0":{"loc":{"start":{"line":17,"column":4},"end":{"line":28,"column":5}},"type":"if","locations":[{"start":{"line":17,"column":4},"end":{"line":28,"column":5}},{"start":{},"end":{}}],"line":17},"1":{"loc":{"start":{"line":32,"column":4},"end":{"line":41,"column":5}},"type":"if","locations":[{"start":{"line":32,"column":4},"end":{"line":41,"column":5}},{"start":{},"end":{}}],"line":32},"2":{"loc":{"start":{"line":45,"column":4},"end":{"line":56,"column":5}},"type":"if","locations":[{"start":{"line":45,"column":4},"end":{"line":56,"column":5}},{"start":{},"end":{}}],"line":45},"3":{"loc":{"start":{"line":60,"column":4},"end":{"line":72,"column":5}},"type":"if","locations":[{"start":{"line":60,"column":4},"end":{"line":72,"column":5}},{"start":{},"end":{}}],"line":60}},"s":{"0":7,"1":7,"2":6,"3":6,"4":6,"5":6,"6":6,"7":6,"8":6,"9":2,"10":2,"11":5,"12":5,"13":1,"14":1,"15":5,"16":5,"17":1,"18":1,"19":5,"20":5,"21":1,"22":1,"23":1,"24":7},"f":{"0":6},"b":{"0":[2,4],"1":[1,4],"2":[1,4],"3":[1,4]},"_coverageSchema":"1a1c01bbd47fc00a2c39e90264f33305004495a9","hash":"9b224c2712183962241767f47bbd387b9d85fecc"}
,"D:\\Users\\Aluno\\Documents\\windly\\backend\\middleware\\authMiddleware.js": {"path":"D:\\Users\\Aluno\\Documents\\windly\\backend\\middleware\\authMiddleware.js","statementMap":{"0":{"start":{"line":1,"column":12},"end":{"line":1,"column":35}},"1":{"start":{"line":2,"column":19},"end":{"line":2,"column":41}},"2":{"start":{"line":4,"column":26},"end":{"line":15,"column":1}},"3":{"start":{"line":5,"column":21},"end":{"line":5,"column":49}},"4":{"start":{"line":6,"column":16},"end":{"line":6,"column":54}},"5":{"start":{"line":8,"column":2},"end":{"line":8,"column":76}},"6":{"start":{"line":8,"column":14},"end":{"line":8,"column":76}},"7":{"start":{"line":10,"column":2},"end":{"line":14,"column":5}},"8":{"start":{"line":11,"column":4},"end":{"line":11,"column":70}},"9":{"start":{"line":11,"column":13},"end":{"line":11,"column":70}},"10":{"start":{"line":12,"column":4},"end":{"line":12,"column":20}},"11":{"start":{"line":13,"column":4},"end":{"line":13,"column":11}},"12":{"start":{"line":17,"column":0},"end":{"line":17,"column":35}}},"fnMap":{"0":{"name":"(anonymous_0)","decl":{"start":{"line":4,"column":26},"end":{"line":4,"column":27}},"loc":{"start":{"line":4,"column":46},"end":{"line":15,"column":1}},"line":4},"1":{"name":"(anonymous_1)","decl":{"start":{"line":10,"column":32},"end":{"line":10,"column":33}},"loc":{"start":{"line":10,"column":47},"end":{"line":14,"column":3}},"line":10}},"branchMap":{"0":{"loc":{"start":{"line":6,"column":16},"end":{"line":6,"column":54}},"type":"binary-expr","locations":[{"start":{"line":6,"column":16},"end":{"line":6,"column":26}},{"start":{"line":6,"column":30},"end":{"line":6,"column":54}}],"line":6},"1":{"loc":{"start":{"line":8,"column":2},"end":{"line":8,"column":76}},"type":"if","locations":[{"start":{"line":8,"column":2},"end":{"line":8,"column":76}},{"start":{},"end":{}}],"line":8},"2":{"loc":{"start":{"line":11,"column":4},"end":{"line":11,"column":70}},"type":"if","locations":[{"start":{"line":11,"column":4},"end":{"line":11,"column":70}},{"start":{},"end":{}}],"line":11}},"s":{"0":1,"1":1,"2":1,"3":0,"4":0,"5":0,"6":0,"7":0,"8":0,"9":0,"10":0,"11":0,"12":1},"f":{"0":0,"1":0},"b":{"0":[0,0],"1":[0,0],"2":[0,0]},"_coverageSchema":"1a1c01bbd47fc00a2c39e90264f33305004495a9","hash":"62a2d0b932df2f9a3227bb133316a4b41da5331a"}
,"D:\\Users\\Aluno\\Documents\\windly\\backend\\middleware\\cidadeMiddleware.js": {"path":"D:\\Users\\Aluno\\Documents\\windly\\backend\\middleware\\cidadeMiddleware.js","statementMap":{"0":{"start":{"line":1,"column":0},"end":{"line":7,"column":1}},"1":{"start":{"line":2,"column":25},"end":{"line":2,"column":34}},"2":{"start":{"line":3,"column":2},"end":{"line":5,"column":3}},"3":{"start":{"line":4,"column":4},"end":{"line":4,"column":72}},"4":{"start":{"line":6,"column":2},"end":{"line":6,"column":9}},"5":{"start":{"line":9,"column":0},"end":{"line":15,"column":1}},"6":{"start":{"line":10,"column":25},"end":{"line":10,"column":33}},"7":{"start":{"line":11,"column":2},"end":{"line":13,"column":3}},"8":{"start":{"line":12,"column":4},"end":{"line":12,"column":72}},"9":{"start":{"line":14,"column":2},"end":{"line":14,"column":9}},"10":{"start":{"line":17,"column":0},"end":{"line":23,"column":1}},"11":{"start":{"line":18,"column":31},"end":{"line":18,"column":39}},"12":{"start":{"line":19,"column":2},"end":{"line":21,"column":3}},"13":{"start":{"line":20,"column":4},"end":{"line":20,"column":82}},"14":{"start":{"line":22,"column":2},"end":{"line":22,"column":9}},"15":{"start":{"line":25,"column":0},"end":{"line":29,"column":2}}},"fnMap":{"0":{"name":"(anonymous_0)","decl":{"start":{"line":1,"column":27},"end":{"line":1,"column":28}},"loc":{"start":{"line":1,"column":47},"end":{"line":7,"column":1}},"line":1},"1":{"name":"(anonymous_1)","decl":{"start":{"line":9,"column":26},"end":{"line":9,"column":27}},"loc":{"start":{"line":9,"column":46},"end":{"line":15,"column":1}},"line":9},"2":{"name":"(anonymous_2)","decl":{"start":{"line":17,"column":33},"end":{"line":17,"column":34}},"loc":{"start":{"line":17,"column":53},"end":{"line":23,"column":1}},"line":17}},"branchMap":{"0":{"loc":{"start":{"line":3,"column":2},"end":{"line":5,"column":3}},"type":"if","locations":[{"start":{"line":3,"column":2},"end":{"line":5,"column":3}},{"start":{},"end":{}}],"line":3},"1":{"loc":{"start":{"line":11,"column":2},"end":{"line":13,"column":3}},"type":"if","locations":[{"start":{"line":11,"column":2},"end":{"line":13,"column":3}},{"start":{},"end":{}}],"line":11},"2":{"loc":{"start":{"line":19,"column":2},"end":{"line":21,"column":3}},"type":"if","locations":[{"start":{"line":19,"column":2},"end":{"line":21,"column":3}},{"start":{},"end":{}}],"line":19},"3":{"loc":{"start":{"line":19,"column":6},"end":{"line":19,"column":26}},"type":"binary-expr","locations":[{"start":{"line":19,"column":6},"end":{"line":19,"column":11}},{"start":{"line":19,"column":15},"end":{"line":19,"column":26}}],"line":19}},"s":{"0":1,"1":0,"2":0,"3":0,"4":0,"5":1,"6":0,"7":0,"8":0,"9":0,"10":1,"11":0,"12":0,"13":0,"14":0,"15":1},"f":{"0":0,"1":0,"2":0},"b":{"0":[0,0],"1":[0,0],"2":[0,0],"3":[0,0]},"_coverageSchema":"1a1c01bbd47fc00a2c39e90264f33305004495a9","hash":"8040baa3299c193fce0111574d4dd2e77abc5594"}
,"D:\\Users\\Aluno\\Documents\\windly\\backend\\models\\cidadeFavoritaModel.js": {"path":"D:\\Users\\Aluno\\Documents\\windly\\backend\\models\\cidadeFavoritaModel.js","statementMap":{"0":{"start":{"line":3,"column":4},"end":{"line":3,"column":17}},"1":{"start":{"line":4,"column":4},"end":{"line":4,"column":21}},"2":{"start":{"line":5,"column":4},"end":{"line":5,"column":33}},"3":{"start":{"line":9,"column":4},"end":{"line":13,"column":6}},"4":{"start":{"line":17,"column":0},"end":{"line":17,"column":32}}},"fnMap":{"0":{"name":"(anonymous_0)","decl":{"start":{"line":2,"column":2},"end":{"line":2,"column":3}},"loc":{"start":{"line":2,"column":40},"end":{"line":6,"column":3}},"line":2},"1":{"name":"(anonymous_1)","decl":{"start":{"line":8,"column":2},"end":{"line":8,"column":3}},"loc":{"start":{"line":8,"column":11},"end":{"line":14,"column":3}},"line":8}},"branchMap":{},"s":{"0":0,"1":0,"2":0,"3":0,"4":3},"f":{"0":0,"1":0},"b":{},"_coverageSchema":"1a1c01bbd47fc00a2c39e90264f33305004495a9","hash":"4e0e9978e5972a337d9c13d9954336cea6bdf7e9"}
,"D:\\Users\\Aluno\\Documents\\windly\\backend\\models\\lembreteModel.js": {"path":"D:\\Users\\Aluno\\Documents\\windly\\backend\\models\\lembreteModel.js","statementMap":{"0":{"start":{"line":3,"column":4},"end":{"line":3,"column":17}},"1":{"start":{"line":4,"column":4},"end":{"line":4,"column":33}},"2":{"start":{"line":5,"column":4},"end":{"line":5,"column":25}},"3":{"start":{"line":6,"column":4},"end":{"line":6,"column":31}},"4":{"start":{"line":7,"column":4},"end":{"line":7,"column":31}},"5":{"start":{"line":11,"column":0},"end":{"line":11,"column":26}}},"fnMap":{"0":{"name":"(anonymous_0)","decl":{"start":{"line":2,"column":2},"end":{"line":2,"column":3}},"loc":{"start":{"line":2,"column":64},"end":{"line":8,"column":3}},"line":2}},"branchMap":{},"s":{"0":0,"1":0,"2":0,"3":0,"4":0,"5":3},"f":{"0":0},"b":{},"_coverageSchema":"1a1c01bbd47fc00a2c39e90264f33305004495a9","hash":"6e6589e162d49a9721fb7999b41dbe9babc73d6e"}
,"D:\\Users\\Aluno\\Documents\\windly\\backend\\models\\userModel.js": {"path":"D:\\Users\\Aluno\\Documents\\windly\\backend\\models\\userModel.js","statementMap":{"0":{"start":{"line":3,"column":4},"end":{"line":3,"column":17}},"1":{"start":{"line":4,"column":4},"end":{"line":4,"column":21}},"2":{"start":{"line":5,"column":4},"end":{"line":5,"column":23}},"3":{"start":{"line":6,"column":4},"end":{"line":6,"column":29}},"4":{"start":{"line":7,"column":4},"end":{"line":7,"column":33}},"5":{"start":{"line":11,"column":4},"end":{"line":16,"column":6}},"6":{"start":{"line":20,"column":0},"end":{"line":20,"column":22}}},"fnMap":{"0":{"name":"(anonymous_0)","decl":{"start":{"line":2,"column":2},"end":{"line":2,"column":3}},"loc":{"start":{"line":2,"column":57},"end":{"line":8,"column":3}},"line":2},"1":{"name":"(anonymous_1)","decl":{"start":{"line":10,"column":2},"end":{"line":10,"column":3}},"loc":{"start":{"line":10,"column":11},"end":{"line":17,"column":3}},"line":10}},"branchMap":{},"s":{"0":0,"1":0,"2":0,"3":0,"4":0,"5":0,"6":4},"f":{"0":0,"1":0},"b":{},"_coverageSchema":"1a1c01bbd47fc00a2c39e90264f33305004495a9","hash":"fed201bdcfce1597df9ae8dea3ad8acfcaabb677"}
,"D:\\Users\\Aluno\\Documents\\windly\\backend\\repositories\\cidadeFavoritaRepository.js": {"path":"D:\\Users\\Aluno\\Documents\\windly\\backend\\repositories\\cidadeFavoritaRepository.js","statementMap":{"0":{"start":{"line":1,"column":11},"end":{"line":1,"column":30}},"1":{"start":{"line":2,"column":23},"end":{"line":2,"column":63}},"2":{"start":{"line":7,"column":19},"end":{"line":7,"column":119}},"3":{"start":{"line":8,"column":4},"end":{"line":8,"column":70}},"4":{"start":{"line":12,"column":19},"end":{"line":15,"column":5}},"5":{"start":{"line":16,"column":4},"end":{"line":16,"column":46}},"6":{"start":{"line":20,"column":19},"end":{"line":23,"column":5}},"7":{"start":{"line":24,"column":4},"end":{"line":24,"column":70}},"8":{"start":{"line":28,"column":19},"end":{"line":31,"column":5}},"9":{"start":{"line":32,"column":4},"end":{"line":32,"column":70}},"10":{"start":{"line":36,"column":19},"end":{"line":36,"column":102}},"11":{"start":{"line":37,"column":4},"end":{"line":37,"column":59}},"12":{"start":{"line":37,"column":34},"end":{"line":37,"column":57}},"13":{"start":{"line":41,"column":0},"end":{"line":41,"column":48}}},"fnMap":{"0":{"name":"(anonymous_0)","decl":{"start":{"line":6,"column":2},"end":{"line":6,"column":3}},"loc":{"start":{"line":6,"column":37},"end":{"line":9,"column":3}},"line":6},"1":{"name":"(anonymous_1)","decl":{"start":{"line":11,"column":2},"end":{"line":11,"column":3}},"loc":{"start":{"line":11,"column":37},"end":{"line":17,"column":3}},"line":11},"2":{"name":"(anonymous_2)","decl":{"start":{"line":19,"column":2},"end":{"line":19,"column":3}},"loc":{"start":{"line":19,"column":31},"end":{"line":25,"column":3}},"line":19},"3":{"name":"(anonymous_3)","decl":{"start":{"line":27,"column":2},"end":{"line":27,"column":3}},"loc":{"start":{"line":27,"column":37},"end":{"line":33,"column":3}},"line":27},"4":{"name":"(anonymous_4)","decl":{"start":{"line":35,"column":2},"end":{"line":35,"column":3}},"loc":{"start":{"line":35,"column":34},"end":{"line":38,"column":3}},"line":35},"5":{"name":"(anonymous_5)","decl":{"start":{"line":37,"column":27},"end":{"line":37,"column":28}},"loc":{"start":{"line":37,"column":34},"end":{"line":37,"column":57}},"line":37}},"branchMap":{"0":{"loc":{"start":{"line":8,"column":11},"end":{"line":8,"column":69}},"type":"cond-expr","locations":[{"start":{"line":8,"column":28},"end":{"line":8,"column":62}},{"start":{"line":8,"column":65},"end":{"line":8,"column":69}}],"line":8},"1":{"loc":{"start":{"line":24,"column":11},"end":{"line":24,"column":69}},"type":"cond-expr","locations":[{"start":{"line":24,"column":28},"end":{"line":24,"column":62}},{"start":{"line":24,"column":65},"end":{"line":24,"column":69}}],"line":24},"2":{"loc":{"start":{"line":32,"column":11},"end":{"line":32,"column":69}},"type":"cond-expr","locations":[{"start":{"line":32,"column":28},"end":{"line":32,"column":62}},{"start":{"line":32,"column":65},"end":{"line":32,"column":69}}],"line":32}},"s":{"0":3,"1":3,"2":0,"3":0,"4":0,"5":0,"6":0,"7":0,"8":0,"9":0,"10":0,"11":0,"12":0,"13":3},"f":{"0":0,"1":0,"2":0,"3":0,"4":0,"5":0},"b":{"0":[0,0],"1":[0,0],"2":[0,0]},"_coverageSchema":"1a1c01bbd47fc00a2c39e90264f33305004495a9","hash":"2894320cdb401d4882fe729409e62d84b0d0fbc6"}
,"D:\\Users\\Aluno\\Documents\\windly\\backend\\repositories\\lembreteRepository.js": {"path":"D:\\Users\\Aluno\\Documents\\windly\\backend\\repositories\\lembreteRepository.js","statementMap":{"0":{"start":{"line":1,"column":11},"end":{"line":1,"column":30}},"1":{"start":{"line":2,"column":17},"end":{"line":2,"column":51}},"2":{"start":{"line":6,"column":19},"end":{"line":6,"column":95}},"3":{"start":{"line":7,"column":4},"end":{"line":7,"column":53}},"4":{"start":{"line":7,"column":34},"end":{"line":7,"column":51}},"5":{"start":{"line":11,"column":19},"end":{"line":11,"column":79}},"6":{"start":{"line":12,"column":4},"end":{"line":12,"column":64}},"7":{"start":{"line":16,"column":19},"end":{"line":19,"column":5}},"8":{"start":{"line":20,"column":4},"end":{"line":20,"column":40}},"9":{"start":{"line":24,"column":19},"end":{"line":27,"column":5}},"10":{"start":{"line":28,"column":4},"end":{"line":28,"column":64}},"11":{"start":{"line":32,"column":19},"end":{"line":32,"column":89}},"12":{"start":{"line":33,"column":4},"end":{"line":33,"column":64}},"13":{"start":{"line":37,"column":0},"end":{"line":37,"column":42}}},"fnMap":{"0":{"name":"(anonymous_0)","decl":{"start":{"line":5,"column":2},"end":{"line":5,"column":3}},"loc":{"start":{"line":5,"column":34},"end":{"line":8,"column":3}},"line":5},"1":{"name":"(anonymous_1)","decl":{"start":{"line":7,"column":27},"end":{"line":7,"column":28}},"loc":{"start":{"line":7,"column":34},"end":{"line":7,"column":51}},"line":7},"2":{"name":"(anonymous_2)","decl":{"start":{"line":10,"column":2},"end":{"line":10,"column":3}},"loc":{"start":{"line":10,"column":21},"end":{"line":13,"column":3}},"line":10},"3":{"name":"(anonymous_3)","decl":{"start":{"line":15,"column":2},"end":{"line":15,"column":3}},"loc":{"start":{"line":15,"column":50},"end":{"line":21,"column":3}},"line":15},"4":{"name":"(anonymous_4)","decl":{"start":{"line":23,"column":2},"end":{"line":23,"column":3}},"loc":{"start":{"line":23,"column":42},"end":{"line":29,"column":3}},"line":23},"5":{"name":"(anonymous_5)","decl":{"start":{"line":31,"column":2},"end":{"line":31,"column":3}},"loc":{"start":{"line":31,"column":19},"end":{"line":34,"column":3}},"line":31}},"branchMap":{"0":{"loc":{"start":{"line":12,"column":11},"end":{"line":12,"column":63}},"type":"cond-expr","locations":[{"start":{"line":12,"column":28},"end":{"line":12,"column":56}},{"start":{"line":12,"column":59},"end":{"line":12,"column":63}}],"line":12},"1":{"loc":{"start":{"line":28,"column":11},"end":{"line":28,"column":63}},"type":"cond-expr","locations":[{"start":{"line":28,"column":28},"end":{"line":28,"column":56}},{"start":{"line":28,"column":59},"end":{"line":28,"column":63}}],"line":28},"2":{"loc":{"start":{"line":33,"column":11},"end":{"line":33,"column":63}},"type":"cond-expr","locations":[{"start":{"line":33,"column":28},"end":{"line":33,"column":56}},{"start":{"line":33,"column":59},"end":{"line":33,"column":63}}],"line":33}},"s":{"0":3,"1":3,"2":0,"3":0,"4":0,"5":0,"6":0,"7":0,"8":0,"9":0,"10":0,"11":0,"12":0,"13":3},"f":{"0":0,"1":0,"2":0,"3":0,"4":0,"5":0},"b":{"0":[0,0],"1":[0,0],"2":[0,0]},"_coverageSchema":"1a1c01bbd47fc00a2c39e90264f33305004495a9","hash":"ca6194f650e4aedcc41f1b0de3d0f1651bab5593"}
,"D:\\Users\\Aluno\\Documents\\windly\\backend\\repositories\\userConfigRepository.js": {"path":"D:\\Users\\Aluno\\Documents\\windly\\backend\\repositories\\userConfigRepository.js","statementMap":{"0":{"start":{"line":1,"column":11},"end":{"line":1,"column":30}},"1":{"start":{"line":5,"column":19},"end":{"line":8,"column":5}},"2":{"start":{"line":9,"column":4},"end":{"line":9,"column":34}},"3":{"start":{"line":13,"column":19},"end":{"line":18,"column":5}},"4":{"start":{"line":19,"column":4},"end":{"line":19,"column":34}},"5":{"start":{"line":23,"column":19},"end":{"line":32,"column":5}},"6":{"start":{"line":33,"column":4},"end":{"line":33,"column":34}},"7":{"start":{"line":37,"column":0},"end":{"line":37,"column":44}}},"fnMap":{"0":{"name":"(anonymous_0)","decl":{"start":{"line":4,"column":2},"end":{"line":4,"column":3}},"loc":{"start":{"line":4,"column":33},"end":{"line":10,"column":3}},"line":4},"1":{"name":"(anonymous_1)","decl":{"start":{"line":12,"column":2},"end":{"line":12,"column":3}},"loc":{"start":{"line":12,"column":27},"end":{"line":20,"column":3}},"line":12},"2":{"name":"(anonymous_2)","decl":{"start":{"line":22,"column":2},"end":{"line":22,"column":3}},"loc":{"start":{"line":22,"column":91},"end":{"line":34,"column":3}},"line":22}},"branchMap":{"0":{"loc":{"start":{"line":9,"column":11},"end":{"line":9,"column":33}},"type":"binary-expr","locations":[{"start":{"line":9,"column":11},"end":{"line":9,"column":25}},{"start":{"line":9,"column":29},"end":{"line":9,"column":33}}],"line":9},"1":{"loc":{"start":{"line":19,"column":11},"end":{"line":19,"column":33}},"type":"binary-expr","locations":[{"start":{"line":19,"column":11},"end":{"line":19,"column":25}},{"start":{"line":19,"column":29},"end":{"line":19,"column":33}}],"line":19},"2":{"loc":{"start":{"line":33,"column":11},"end":{"line":33,"column":33}},"type":"binary-expr","locations":[{"start":{"line":33,"column":11},"end":{"line":33,"column":25}},{"start":{"line":33,"column":29},"end":{"line":33,"column":33}}],"line":33}},"s":{"0":7,"1":0,"2":0,"3":0,"4":0,"5":0,"6":0,"7":7},"f":{"0":0,"1":0,"2":0},"b":{"0":[0,0],"1":[0,0],"2":[0,0]},"_coverageSchema":"1a1c01bbd47fc00a2c39e90264f33305004495a9","hash":"0fe569d5d6ede8506ac2de507f14b8a88788a11d"}
,"D:\\Users\\Aluno\\Documents\\windly\\backend\\repositories\\userRepository.js": {"path":"D:\\Users\\Aluno\\Documents\\windly\\backend\\repositories\\userRepository.js","statementMap":{"0":{"start":{"line":1,"column":15},"end":{"line":1,"column":34}},"1":{"start":{"line":2,"column":11},"end":{"line":2,"column":30}},"2":{"start":{"line":3,"column":13},"end":{"line":3,"column":43}},"3":{"start":{"line":6,"column":25},"end":{"line":6,"column":56}},"4":{"start":{"line":7,"column":16},"end":{"line":11,"column":3}},"5":{"start":{"line":12,"column":19},"end":{"line":12,"column":71}},"6":{"start":{"line":13,"column":2},"end":{"line":13,"column":36}},"7":{"start":{"line":17,"column":16},"end":{"line":20,"column":3}},"8":{"start":{"line":21,"column":19},"end":{"line":21,"column":40}},"9":{"start":{"line":22,"column":2},"end":{"line":22,"column":13}},"10":{"start":{"line":26,"column":16},"end":{"line":30,"column":3}},"11":{"start":{"line":31,"column":19},"end":{"line":31,"column":49}},"12":{"start":{"line":32,"column":2},"end":{"line":32,"column":25}},"13":{"start":{"line":36,"column":16},"end":{"line":40,"column":3}},"14":{"start":{"line":41,"column":19},"end":{"line":41,"column":46}},"15":{"start":{"line":42,"column":2},"end":{"line":42,"column":53}},"16":{"start":{"line":46,"column":16},"end":{"line":51,"column":3}},"17":{"start":{"line":52,"column":19},"end":{"line":52,"column":59}},"18":{"start":{"line":53,"column":2},"end":{"line":53,"column":53}},"19":{"start":{"line":57,"column":2},"end":{"line":57,"column":59}},"20":{"start":{"line":60,"column":0},"end":{"line":67,"column":2}}},"fnMap":{"0":{"name":"createUser","decl":{"start":{"line":5,"column":15},"end":{"line":5,"column":25}},"loc":{"start":{"line":5,"column":49},"end":{"line":14,"column":1}},"line":5},"1":{"name":"getAllUsers","decl":{"start":{"line":16,"column":15},"end":{"line":16,"column":26}},"loc":{"start":{"line":16,"column":29},"end":{"line":23,"column":1}},"line":16},"2":{"name":"getUserByEmail","decl":{"start":{"line":25,"column":15},"end":{"line":25,"column":29}},"loc":{"start":{"line":25,"column":37},"end":{"line":33,"column":1}},"line":25},"3":{"name":"getUserById","decl":{"start":{"line":35,"column":15},"end":{"line":35,"column":26}},"loc":{"start":{"line":35,"column":31},"end":{"line":43,"column":1}},"line":35},"4":{"name":"updateUser","decl":{"start":{"line":45,"column":15},"end":{"line":45,"column":25}},"loc":{"start":{"line":45,"column":43},"end":{"line":54,"column":1}},"line":45},"5":{"name":"deleteUser","decl":{"start":{"line":56,"column":15},"end":{"line":56,"column":25}},"loc":{"start":{"line":56,"column":30},"end":{"line":58,"column":1}},"line":56}},"branchMap":{"0":{"loc":{"start":{"line":32,"column":9},"end":{"line":32,"column":24}},"type":"binary-expr","locations":[{"start":{"line":32,"column":9},"end":{"line":32,"column":16}},{"start":{"line":32,"column":20},"end":{"line":32,"column":24}}],"line":32},"1":{"loc":{"start":{"line":42,"column":9},"end":{"line":42,"column":52}},"type":"cond-expr","locations":[{"start":{"line":42,"column":19},"end":{"line":42,"column":45}},{"start":{"line":42,"column":48},"end":{"line":42,"column":52}}],"line":42},"2":{"loc":{"start":{"line":53,"column":9},"end":{"line":53,"column":52}},"type":"cond-expr","locations":[{"start":{"line":53,"column":19},"end":{"line":53,"column":45}},{"start":{"line":53,"column":48},"end":{"line":53,"column":52}}],"line":53}},"s":{"0":4,"1":4,"2":4,"3":0,"4":0,"5":0,"6":0,"7":0,"8":0,"9":0,"10":0,"11":0,"12":0,"13":0,"14":0,"15":0,"16":0,"17":0,"18":0,"19":0,"20":4},"f":{"0":0,"1":0,"2":0,"3":0,"4":0,"5":0},"b":{"0":[0,0],"1":[0,0],"2":[0,0]},"_coverageSchema":"1a1c01bbd47fc00a2c39e90264f33305004495a9","hash":"3f91384759fbee58466d2b007465da2dac387212"}
,"D:\\Users\\Aluno\\Documents\\windly\\backend\\routes\\authRoutes.js": {"path":"D:\\Users\\Aluno\\Documents\\windly\\backend\\routes\\authRoutes.js","statementMap":{"0":{"start":{"line":1,"column":16},"end":{"line":1,"column":34}},"1":{"start":{"line":2,"column":15},"end":{"line":2,"column":31}},"2":{"start":{"line":3,"column":36},"end":{"line":3,"column":76}},"3":{"start":{"line":91,"column":0},"end":{"line":91,"column":36}},"4":{"start":{"line":92,"column":0},"end":{"line":92,"column":38}},"5":{"start":{"line":94,"column":0},"end":{"line":94,"column":24}}},"fnMap":{},"branchMap":{},"s":{"0":1,"1":1,"2":1,"3":1,"4":1,"5":1},"f":{},"b":{},"_coverageSchema":"1a1c01bbd47fc00a2c39e90264f33305004495a9","hash":"9016b4fe02a1a0ac8d76c14dc270de88ab73a21c"}
,"D:\\Users\\Aluno\\Documents\\windly\\backend\\routes\\cidadeFavoritaRoutes.js": {"path":"D:\\Users\\Aluno\\Documents\\windly\\backend\\routes\\cidadeFavoritaRoutes.js","statementMap":{"0":{"start":{"line":1,"column":16},"end":{"line":1,"column":34}},"1":{"start":{"line":2,"column":19},"end":{"line":2,"column":69}},"2":{"start":{"line":7,"column":4},"end":{"line":7,"column":45}},"3":{"start":{"line":9,"column":15},"end":{"line":9,"column":31}},"4":{"start":{"line":159,"column":0},"end":{"line":159,"column":60}},"5":{"start":{"line":160,"column":0},"end":{"line":160,"column":65}},"6":{"start":{"line":161,"column":0},"end":{"line":161,"column":70}},"7":{"start":{"line":162,"column":0},"end":{"line":162,"column":66}},"8":{"start":{"line":163,"column":0},"end":{"line":163,"column":68}},"9":{"start":{"line":165,"column":0},"end":{"line":165,"column":24}}},"fnMap":{},"branchMap":{},"s":{"0":1,"1":1,"2":1,"3":1,"4":1,"5":1,"6":1,"7":1,"8":1,"9":1},"f":{},"b":{},"_coverageSchema":"1a1c01bbd47fc00a2c39e90264f33305004495a9","hash":"e35c75a3bba6b44e8f28970a71d780613d60c79a"}
,"D:\\Users\\Aluno\\Documents\\windly\\backend\\routes\\climaRoutes.js": {"path":"D:\\Users\\Aluno\\Documents\\windly\\backend\\routes\\climaRoutes.js","statementMap":{"0":{"start":{"line":1,"column":19},"end":{"line":1,"column":37}},"1":{"start":{"line":2,"column":24},"end":{"line":2,"column":65}},"2":{"start":{"line":4,"column":15},"end":{"line":4,"column":23}},"3":{"start":{"line":6,"column":0},"end":{"line":6,"column":49}},"4":{"start":{"line":8,"column":0},"end":{"line":8,"column":24}}},"fnMap":{},"branchMap":{},"s":{"0":1,"1":1,"2":1,"3":1,"4":1},"f":{},"b":{},"_coverageSchema":"1a1c01bbd47fc00a2c39e90264f33305004495a9","hash":"367f5f6b1bbe26877c6583d95ded73d9e46b1f58"}
,"D:\\Users\\Aluno\\Documents\\windly\\backend\\routes\\crossingRoutes.js": {"path":"D:\\Users\\Aluno\\Documents\\windly\\backend\\routes\\crossingRoutes.js","statementMap":{"0":{"start":{"line":1,"column":16},"end":{"line":1,"column":34}},"1":{"start":{"line":2,"column":15},"end":{"line":2,"column":31}},"2":{"start":{"line":3,"column":27},"end":{"line":3,"column":71}},"3":{"start":{"line":5,"column":0},"end":{"line":5,"column":74}},"4":{"start":{"line":6,"column":0},"end":{"line":6,"column":72}},"5":{"start":{"line":7,"column":0},"end":{"line":7,"column":81}},"6":{"start":{"line":8,"column":0},"end":{"line":8,"column":87}},"7":{"start":{"line":10,"column":0},"end":{"line":10,"column":24}}},"fnMap":{},"branchMap":{},"s":{"0":1,"1":1,"2":1,"3":1,"4":1,"5":1,"6":1,"7":1},"f":{},"b":{},"_coverageSchema":"1a1c01bbd47fc00a2c39e90264f33305004495a9","hash":"7f6826b1b2e8436b52818d378dc110e0976dccff"}
,"D:\\Users\\Aluno\\Documents\\windly\\backend\\routes\\lembreteRoutes.js": {"path":"D:\\Users\\Aluno\\Documents\\windly\\backend\\routes\\lembreteRoutes.js","statementMap":{"0":{"start":{"line":1,"column":16},"end":{"line":1,"column":34}},"1":{"start":{"line":2,"column":19},"end":{"line":2,"column":63}},"2":{"start":{"line":3,"column":26},"end":{"line":3,"column":65}},"3":{"start":{"line":120,"column":4},"end":{"line":120,"column":35}},"4":{"start":{"line":121,"column":4},"end":{"line":121,"column":26}},"5":{"start":{"line":125,"column":4},"end":{"line":125,"column":88}},"6":{"start":{"line":126,"column":4},"end":{"line":126,"column":48}},"7":{"start":{"line":127,"column":4},"end":{"line":127,"column":45}},"8":{"start":{"line":128,"column":4},"end":{"line":128,"column":47}},"9":{"start":{"line":129,"column":4},"end":{"line":129,"column":50}},"10":{"start":{"line":133,"column":4},"end":{"line":133,"column":23}},"11":{"start":{"line":137,"column":0},"end":{"line":137,"column":50}}},"fnMap":{"0":{"name":"(anonymous_0)","decl":{"start":{"line":119,"column":2},"end":{"line":119,"column":3}},"loc":{"start":{"line":119,"column":16},"end":{"line":122,"column":3}},"line":119},"1":{"name":"(anonymous_1)","decl":{"start":{"line":124,"column":2},"end":{"line":124,"column":3}},"loc":{"start":{"line":124,"column":19},"end":{"line":130,"column":3}},"line":124},"2":{"name":"(anonymous_2)","decl":{"start":{"line":132,"column":2},"end":{"line":132,"column":3}},"loc":{"start":{"line":132,"column":14},"end":{"line":134,"column":3}},"line":132}},"branchMap":{},"s":{"0":1,"1":1,"2":1,"3":1,"4":1,"5":1,"6":1,"7":1,"8":1,"9":1,"10":1,"11":1},"f":{"0":1,"1":1,"2":1},"b":{},"_coverageSchema":"1a1c01bbd47fc00a2c39e90264f33305004495a9","hash":"60a97376f0eff71fcfdd0677b7e4cb8d67985abf"}
,"D:\\Users\\Aluno\\Documents\\windly\\backend\\routes\\previsaoRoutes.js": {"path":"D:\\Users\\Aluno\\Documents\\windly\\backend\\routes\\previsaoRoutes.js","statementMap":{"0":{"start":{"line":1,"column":16},"end":{"line":1,"column":34}},"1":{"start":{"line":2,"column":27},"end":{"line":2,"column":71}},"2":{"start":{"line":4,"column":15},"end":{"line":4,"column":31}},"3":{"start":{"line":6,"column":0},"end":{"line":6,"column":62}},"4":{"start":{"line":8,"column":0},"end":{"line":8,"column":24}}},"fnMap":{},"branchMap":{},"s":{"0":1,"1":1,"2":1,"3":1,"4":1},"f":{},"b":{},"_coverageSchema":"1a1c01bbd47fc00a2c39e90264f33305004495a9","hash":"962e4bf347e2ca1c012432e0bd509a18db19dcb8"}
,"D:\\Users\\Aluno\\Documents\\windly\\backend\\routes\\userConfigRoutes.js": {"path":"D:\\Users\\Aluno\\Documents\\windly\\backend\\routes\\userConfigRoutes.js","statementMap":{"0":{"start":{"line":1,"column":16},"end":{"line":1,"column":34}},"1":{"start":{"line":2,"column":15},"end":{"line":2,"column":31}},"2":{"start":{"line":3,"column":19},"end":{"line":3,"column":65}},"3":{"start":{"line":66,"column":0},"end":{"line":66,"column":49}},"4":{"start":{"line":67,"column":0},"end":{"line":67,"column":52}},"5":{"start":{"line":69,"column":0},"end":{"line":69,"column":24}}},"fnMap":{},"branchMap":{},"s":{"0":1,"1":1,"2":1,"3":1,"4":1,"5":1},"f":{},"b":{},"_coverageSchema":"1a1c01bbd47fc00a2c39e90264f33305004495a9","hash":"8e91b67d56fc29d31a04cb4e8740fb69327a50af"}
,"D:\\Users\\Aluno\\Documents\\windly\\backend\\routes\\userRoutes.js": {"path":"D:\\Users\\Aluno\\Documents\\windly\\backend\\routes\\userRoutes.js","statementMap":{"0":{"start":{"line":1,"column":16},"end":{"line":1,"column":34}},"1":{"start":{"line":2,"column":15},"end":{"line":2,"column":31}},"2":{"start":{"line":3,"column":23},"end":{"line":3,"column":63}},"3":{"start":{"line":4,"column":21},"end":{"line":4,"column":58}},"4":{"start":{"line":154,"column":0},"end":{"line":154,"column":58}},"5":{"start":{"line":155,"column":0},"end":{"line":155,"column":47}},"6":{"start":{"line":156,"column":0},"end":{"line":156,"column":47}},"7":{"start":{"line":157,"column":0},"end":{"line":157,"column":60}},"8":{"start":{"line":158,"column":0},"end":{"line":158,"column":49}},"9":{"start":{"line":160,"column":0},"end":{"line":160,"column":24}}},"fnMap":{},"branchMap":{},"s":{"0":1,"1":1,"2":1,"3":1,"4":1,"5":1,"6":1,"7":1,"8":1,"9":1},"f":{},"b":{},"_coverageSchema":"1a1c01bbd47fc00a2c39e90264f33305004495a9","hash":"973af0f9afe78c93365df02a07d742fc39925a27"}
,"D:\\Users\\Aluno\\Documents\\windly\\backend\\services\\cidadeFavoritaService.js": {"path":"D:\\Users\\Aluno\\Documents\\windly\\backend\\services\\cidadeFavoritaService.js","statementMap":{"0":{"start":{"line":1,"column":19},"end":{"line":1,"column":70}},"1":{"start":{"line":2,"column":11},"end":{"line":2,"column":30}},"2":{"start":{"line":6,"column":4},"end":{"line":6,"column":57}},"3":{"start":{"line":10,"column":23},"end":{"line":10,"column":95}},"4":{"start":{"line":11,"column":4},"end":{"line":15,"column":5}},"5":{"start":{"line":12,"column":18},"end":{"line":12,"column":50}},"6":{"start":{"line":13,"column":6},"end":{"line":13,"column":23}},"7":{"start":{"line":14,"column":6},"end":{"line":14,"column":16}},"8":{"start":{"line":16,"column":4},"end":{"line":16,"column":42}},"9":{"start":{"line":20,"column":4},"end":{"line":20,"column":51}},"10":{"start":{"line":24,"column":4},"end":{"line":24,"column":57}},"11":{"start":{"line":28,"column":4},"end":{"line":28,"column":54}},"12":{"start":{"line":32,"column":0},"end":{"line":32,"column":39}}},"fnMap":{"0":{"name":"(anonymous_0)","decl":{"start":{"line":5,"column":2},"end":{"line":5,"column":3}},"loc":{"start":{"line":5,"column":43},"end":{"line":7,"column":3}},"line":5},"1":{"name":"(anonymous_1)","decl":{"start":{"line":9,"column":2},"end":{"line":9,"column":3}},"loc":{"start":{"line":9,"column":29},"end":{"line":17,"column":3}},"line":9},"2":{"name":"(anonymous_2)","decl":{"start":{"line":19,"column":2},"end":{"line":19,"column":3}},"loc":{"start":{"line":19,"column":38},"end":{"line":21,"column":3}},"line":19},"3":{"name":"(anonymous_3)","decl":{"start":{"line":23,"column":2},"end":{"line":23,"column":3}},"loc":{"start":{"line":23,"column":44},"end":{"line":25,"column":3}},"line":23},"4":{"name":"(anonymous_4)","decl":{"start":{"line":27,"column":2},"end":{"line":27,"column":3}},"loc":{"start":{"line":27,"column":40},"end":{"line":29,"column":3}},"line":27}},"branchMap":{"0":{"loc":{"start":{"line":11,"column":4},"end":{"line":15,"column":5}},"type":"if","locations":[{"start":{"line":11,"column":4},"end":{"line":15,"column":5}},{"start":{},"end":{}}],"line":11}},"s":{"0":3,"1":3,"2":1,"3":2,"4":2,"5":1,"6":1,"7":1,"8":1,"9":1,"10":1,"11":1,"12":3},"f":{"0":1,"1":2,"2":1,"3":1,"4":1},"b":{"0":[1,1]},"_coverageSchema":"1a1c01bbd47fc00a2c39e90264f33305004495a9","hash":"784134d94df55aa65e57445c087655ef114c449c"}
,"D:\\Users\\Aluno\\Documents\\windly\\backend\\services\\climaService.js": {"path":"D:\\Users\\Aluno\\Documents\\windly\\backend\\services\\climaService.js","statementMap":{"0":{"start":{"line":1,"column":14},"end":{"line":1,"column":30}},"1":{"start":{"line":2,"column":15},"end":{"line":2,"column":32}},"2":{"start":{"line":4,"column":0},"end":{"line":4,"column":16}},"3":{"start":{"line":6,"column":16},"end":{"line":6,"column":64}},"4":{"start":{"line":7,"column":15},"end":{"line":7,"column":46}},"5":{"start":{"line":11,"column":4},"end":{"line":35,"column":5}},"6":{"start":{"line":12,"column":24},"end":{"line":12,"column":35}},"7":{"start":{"line":14,"column":6},"end":{"line":14,"column":55}},"8":{"start":{"line":16,"column":23},"end":{"line":23,"column":8}},"9":{"start":{"line":25,"column":6},"end":{"line":25,"column":27}},"10":{"start":{"line":28,"column":6},"end":{"line":28,"column":103}},"11":{"start":{"line":30,"column":6},"end":{"line":32,"column":7}},"12":{"start":{"line":31,"column":8},"end":{"line":31,"column":50}},"13":{"start":{"line":34,"column":6},"end":{"line":34,"column":67}},"14":{"start":{"line":39,"column":0},"end":{"line":39,"column":30}}},"fnMap":{"0":{"name":"(anonymous_0)","decl":{"start":{"line":10,"column":2},"end":{"line":10,"column":3}},"loc":{"start":{"line":10,"column":32},"end":{"line":36,"column":3}},"line":10}},"branchMap":{"0":{"loc":{"start":{"line":28,"column":49},"end":{"line":28,"column":101}},"type":"cond-expr","locations":[{"start":{"line":28,"column":66},"end":{"line":28,"column":85}},{"start":{"line":28,"column":88},"end":{"line":28,"column":101}}],"line":28},"1":{"loc":{"start":{"line":30,"column":6},"end":{"line":32,"column":7}},"type":"if","locations":[{"start":{"line":30,"column":6},"end":{"line":32,"column":7}},{"start":{},"end":{}}],"line":30},"2":{"loc":{"start":{"line":30,"column":10},"end":{"line":30,"column":57}},"type":"binary-expr","locations":[{"start":{"line":30,"column":10},"end":{"line":30,"column":24}},{"start":{"line":30,"column":28},"end":{"line":30,"column":57}}],"line":30}},"s":{"0":3,"1":3,"2":3,"3":3,"4":3,"5":4,"6":4,"7":4,"8":4,"9":2,"10":2,"11":2,"12":1,"13":1,"14":3},"f":{"0":4},"b":{"0":[1,1],"1":[1,1],"2":[2,1]},"_coverageSchema":"1a1c01bbd47fc00a2c39e90264f33305004495a9","hash":"1f14d65d7a2a5f388dc069503a12f2326f71f83f"}
,"D:\\Users\\Aluno\\Documents\\windly\\backend\\services\\crossingService.js": {"path":"D:\\Users\\Aluno\\Documents\\windly\\backend\\services\\crossingService.js","statementMap":{"0":{"start":{"line":1,"column":14},"end":{"line":1,"column":30}},"1":{"start":{"line":2,"column":15},"end":{"line":2,"column":32}},"2":{"start":{"line":3,"column":0},"end":{"line":3,"column":16}},"3":{"start":{"line":5,"column":15},"end":{"line":5,"column":43}},"4":{"start":{"line":10,"column":4},"end":{"line":31,"column":5}},"5":{"start":{"line":11,"column":24},"end":{"line":11,"column":35}},"6":{"start":{"line":12,"column":20},"end":{"line":12,"column":30}},"7":{"start":{"line":13,"column":22},"end":{"line":13,"column":55}},"8":{"start":{"line":15,"column":24},"end":{"line":15,"column":34}},"9":{"start":{"line":16,"column":6},"end":{"line":16,"column":52}},"10":{"start":{"line":17,"column":23},"end":{"line":17,"column":60}},"11":{"start":{"line":19,"column":18},"end":{"line":19,"column":207}},"12":{"start":{"line":21,"column":23},"end":{"line":21,"column":43}},"13":{"start":{"line":22,"column":6},"end":{"line":22,"column":27}},"14":{"start":{"line":24,"column":6},"end":{"line":24,"column":101}},"15":{"start":{"line":26,"column":6},"end":{"line":28,"column":7}},"16":{"start":{"line":27,"column":8},"end":{"line":27,"column":50}},"17":{"start":{"line":30,"column":6},"end":{"line":30,"column":67}},"18":{"start":{"line":36,"column":17},"end":{"line":36,"column":53}},"19":{"start":{"line":37,"column":4},"end":{"line":37,"column":32}},"20":{"start":{"line":37,"column":20},"end":{"line":37,"column":32}},"21":{"start":{"line":39,"column":4},"end":{"line":44,"column":8}},"22":{"start":{"line":39,"column":33},"end":{"line":44,"column":5}},"23":{"start":{"line":49,"column":17},"end":{"line":49,"column":53}},"24":{"start":{"line":50,"column":4},"end":{"line":50,"column":32}},"25":{"start":{"line":50,"column":20},"end":{"line":50,"column":32}},"26":{"start":{"line":52,"column":21},"end":{"line":52,"column":59}},"27":{"start":{"line":53,"column":18},"end":{"line":53,"column":62}},"28":{"start":{"line":53,"column":38},"end":{"line":53,"column":61}},"29":{"start":{"line":54,"column":4},"end":{"line":54,"column":66}},"30":{"start":{"line":54,"column":16},"end":{"line":54,"column":66}},"31":{"start":{"line":56,"column":4},"end":{"line":60,"column":8}},"32":{"start":{"line":56,"column":36},"end":{"line":60,"column":5}},"33":{"start":{"line":65,"column":17},"end":{"line":65,"column":54}},"34":{"start":{"line":66,"column":4},"end":{"line":66,"column":32}},"35":{"start":{"line":66,"column":20},"end":{"line":66,"column":32}},"36":{"start":{"line":68,"column":20},"end":{"line":68,"column":22}},"37":{"start":{"line":70,"column":4},"end":{"line":74,"column":7}},"38":{"start":{"line":71,"column":28},"end":{"line":71,"column":51}},"39":{"start":{"line":72,"column":18},"end":{"line":72,"column":36}},"40":{"start":{"line":73,"column":6},"end":{"line":73,"column":61}},"41":{"start":{"line":76,"column":4},"end":{"line":79,"column":8}},"42":{"start":{"line":76,"column":61},"end":{"line":79,"column":5}},"43":{"start":{"line":84,"column":17},"end":{"line":84,"column":53}},"44":{"start":{"line":85,"column":4},"end":{"line":85,"column":32}},"45":{"start":{"line":85,"column":20},"end":{"line":85,"column":32}},"46":{"start":{"line":87,"column":21},"end":{"line":87,"column":59}},"47":{"start":{"line":88,"column":18},"end":{"line":88,"column":62}},"48":{"start":{"line":88,"column":38},"end":{"line":88,"column":61}},"49":{"start":{"line":89,"column":4},"end":{"line":89,"column":66}},"50":{"start":{"line":89,"column":16},"end":{"line":89,"column":66}},"51":{"start":{"line":91,"column":4},"end":{"line":94,"column":6}},"52":{"start":{"line":98,"column":0},"end":{"line":98,"column":33}}},"fnMap":{"0":{"name":"(anonymous_0)","decl":{"start":{"line":9,"column":2},"end":{"line":9,"column":3}},"loc":{"start":{"line":9,"column":53},"end":{"line":32,"column":3}},"line":9},"1":{"name":"(anonymous_1)","decl":{"start":{"line":35,"column":2},"end":{"line":35,"column":3}},"loc":{"start":{"line":35,"column":44},"end":{"line":45,"column":3}},"line":35},"2":{"name":"(anonymous_2)","decl":{"start":{"line":39,"column":25},"end":{"line":39,"column":26}},"loc":{"start":{"line":39,"column":33},"end":{"line":44,"column":5}},"line":39},"3":{"name":"(anonymous_3)","decl":{"start":{"line":48,"column":2},"end":{"line":48,"column":3}},"loc":{"start":{"line":48,"column":43},"end":{"line":61,"column":3}},"line":48},"4":{"name":"(anonymous_4)","decl":{"start":{"line":53,"column":33},"end":{"line":53,"column":34}},"loc":{"start":{"line":53,"column":38},"end":{"line":53,"column":61}},"line":53},"5":{"name":"(anonymous_5)","decl":{"start":{"line":56,"column":27},"end":{"line":56,"column":28}},"loc":{"start":{"line":56,"column":36},"end":{"line":60,"column":5}},"line":56},"6":{"name":"(anonymous_6)","decl":{"start":{"line":64,"column":2},"end":{"line":64,"column":3}},"loc":{"start":{"line":64,"column":45},"end":{"line":80,"column":3}},"line":64},"7":{"name":"(anonymous_7)","decl":{"start":{"line":70,"column":22},"end":{"line":70,"column":23}},"loc":{"start":{"line":70,"column":29},"end":{"line":74,"column":5}},"line":70},"8":{"name":"(anonymous_8)","decl":{"start":{"line":76,"column":39},"end":{"line":76,"column":40}},"loc":{"start":{"line":76,"column":61},"end":{"line":79,"column":5}},"line":76},"9":{"name":"(anonymous_9)","decl":{"start":{"line":83,"column":2},"end":{"line":83,"column":3}},"loc":{"start":{"line":83,"column":47},"end":{"line":95,"column":3}},"line":83},"10":{"name":"(anonymous_10)","decl":{"start":{"line":88,"column":33},"end":{"line":88,"column":34}},"loc":{"start":{"line":88,"column":38},"end":{"line":88,"column":61}},"line":88}},"branchMap":{"0":{"loc":{"start":{"line":9,"column":38},"end":{"line":9,"column":51}},"type":"default-arg","locations":[{"start":{"line":9,"column":49},"end":{"line":9,"column":51}}],"line":9},"1":{"loc":{"start":{"line":24,"column":47},"end":{"line":24,"column":99}},"type":"cond-expr","locations":[{"start":{"line":24,"column":64},"end":{"line":24,"column":83}},{"start":{"line":24,"column":86},"end":{"line":24,"column":99}}],"line":24},"2":{"loc":{"start":{"line":26,"column":6},"end":{"line":28,"column":7}},"type":"if","locations":[{"start":{"line":26,"column":6},"end":{"line":28,"column":7}},{"start":{},"end":{}}],"line":26},"3":{"loc":{"start":{"line":37,"column":4},"end":{"line":37,"column":32}},"type":"if","locations":[{"start":{"line":37,"column":4},"end":{"line":37,"column":32}},{"start":{},"end":{}}],"line":37},"4":{"loc":{"start":{"line":50,"column":4},"end":{"line":50,"column":32}},"type":"if","locations":[{"start":{"line":50,"column":4},"end":{"line":50,"column":32}},{"start":{},"end":{}}],"line":50},"5":{"loc":{"start":{"line":54,"column":4},"end":{"line":54,"
[...]
,"D:\\Users\\Aluno\\Documents\\windly\\backend\\services\\lembreteService.js": {"path":"D:\\Users\\Aluno\\Documents\\windly\\backend\\services\\lembreteService.js","statementMap":{"0":{"start":{"line":1,"column":19},"end":{"line":1,"column":64}},"1":{"start":{"line":5,"column":4},"end":{"line":5,"column":54}},"2":{"start":{"line":9,"column":4},"end":{"line":9,"column":41}},"3":{"start":{"line":13,"column":4},"end":{"line":13,"column":42}},"4":{"start":{"line":17,"column":4},"end":{"line":17,"column":46}},"5":{"start":{"line":21,"column":4},"end":{"line":21,"column":39}},"6":{"start":{"line":25,"column":0},"end":{"line":25,"column":33}}},"fnMap":{"0":{"name":"(anonymous_0)","decl":{"start":{"line":4,"column":2},"end":{"line":4,"column":3}},"loc":{"start":{"line":4,"column":40},"end":{"line":6,"column":3}},"line":4},"1":{"name":"(anonymous_1)","decl":{"start":{"line":8,"column":2},"end":{"line":8,"column":3}},"loc":{"start":{"line":8,"column":27},"end":{"line":10,"column":3}},"line":8},"2":{"name":"(anonymous_2)","decl":{"start":{"line":12,"column":2},"end":{"line":12,"column":3}},"loc":{"start":{"line":12,"column":29},"end":{"line":14,"column":3}},"line":12},"3":{"name":"(anonymous_3)","decl":{"start":{"line":16,"column":2},"end":{"line":16,"column":3}},"loc":{"start":{"line":16,"column":33},"end":{"line":18,"column":3}},"line":16},"4":{"name":"(anonymous_4)","decl":{"start":{"line":20,"column":2},"end":{"line":20,"column":3}},"loc":{"start":{"line":20,"column":26},"end":{"line":22,"column":3}},"line":20}},"branchMap":{},"s":{"0":3,"1":1,"2":1,"3":1,"4":1,"5":1,"6":3},"f":{"0":1,"1":1,"2":1,"3":1,"4":1},"b":{},"_coverageSchema":"1a1c01bbd47fc00a2c39e90264f33305004495a9","hash":"735780d72df87543f6afc434e0922311e3016a03"}
,"D:\\Users\\Aluno\\Documents\\windly\\backend\\services\\previsaoService.js": {"path":"D:\\Users\\Aluno\\Documents\\windly\\backend\\services\\previsaoService.js","statementMap":{"0":{"start":{"line":1,"column":14},"end":{"line":1,"column":30}},"1":{"start":{"line":2,"column":15},"end":{"line":2,"column":32}},"2":{"start":{"line":4,"column":0},"end":{"line":4,"column":16}},"3":{"start":{"line":8,"column":19},"end":{"line":8,"column":50}},"4":{"start":{"line":9,"column":16},"end":{"line":9,"column":136}},"5":{"start":{"line":11,"column":4},"end":{"line":60,"column":5}},"6":{"start":{"line":12,"column":23},"end":{"line":12,"column":43}},"7":{"start":{"line":13,"column":19},"end":{"line":13,"column":37}},"8":{"start":{"line":16,"column":24},"end":{"line":16,"column":26}},"9":{"start":{"line":18,"column":6},"end":{"line":39,"column":9}},"10":{"start":{"line":19,"column":23},"end":{"line":19,"column":45}},"11":{"start":{"line":21,"column":8},"end":{"line":29,"column":9}},"12":{"start":{"line":22,"column":10},"end":{"line":28,"column":12}},"13":{"start":{"line":31,"column":8},"end":{"line":31,"column":50}},"14":{"start":{"line":32,"column":8},"end":{"line":32,"column":57}},"15":{"start":{"line":33,"column":8},"end":{"line":33,"column":57}},"16":{"start":{"line":34,"column":8},"end":{"line":34,"column":39}},"17":{"start":{"line":37,"column":28},"end":{"line":37,"column":48}},"18":{"start":{"line":38,"column":8},"end":{"line":38,"column":105}},"19":{"start":{"line":42,"column":20},"end":{"line":55,"column":8}},"20":{"start":{"line":44,"column":36},"end":{"line":46,"column":12}},"21":{"start":{"line":45,"column":10},"end":{"line":45,"column":29}},"22":{"start":{"line":48,"column":8},"end":{"line":54,"column":10}},"23":{"start":{"line":57,"column":6},"end":{"line":57,"column":19}},"24":{"start":{"line":59,"column":6},"end":{"line":59,"column":59}},"25":{"start":{"line":64,"column":0},"end":{"line":64,"column":33}}},"fnMap":{"0":{"name":"(anonymous_0)","decl":{"start":{"line":7,"column":2},"end":{"line":7,"column":3}},"loc":{"start":{"line":7,"column":33},"end":{"line":61,"column":3}},"line":7},"1":{"name":"(anonymous_1)","decl":{"start":{"line":18,"column":19},"end":{"line":18,"column":20}},"loc":{"start":{"line":18,"column":27},"end":{"line":39,"column":7}},"line":18},"2":{"name":"(anonymous_2)","decl":{"start":{"line":42,"column":50},"end":{"line":42,"column":51}},"loc":{"start":{"line":42,"column":68},"end":{"line":55,"column":7}},"line":42},"3":{"name":"(anonymous_3)","decl":{"start":{"line":44,"column":77},"end":{"line":44,"column":78}},"loc":{"start":{"line":45,"column":10},"end":{"line":45,"column":29}},"line":45}},"branchMap":{"0":{"loc":{"start":{"line":21,"column":8},"end":{"line":29,"column":9}},"type":"if","locations":[{"start":{"line":21,"column":8},"end":{"line":29,"column":9}},{"start":{},"end":{}}],"line":21},"1":{"loc":{"start":{"line":38,"column":53},"end":{"line":38,"column":99}},"type":"binary-expr","locations":[{"start":{"line":38,"column":53},"end":{"line":38,"column":94}},{"start":{"line":38,"column":98},"end":{"line":38,"column":99}}],"line":38},"2":{"loc":{"start":{"line":45,"column":10},"end":{"line":45,"column":29}},"type":"cond-expr","locations":[{"start":{"line":45,"column":24},"end":{"line":45,"column":25}},{"start":{"line":45,"column":28},"end":{"line":45,"column":29}}],"line":45}},"s":{"0":3,"1":3,"2":3,"3":3,"4":3,"5":3,"6":3,"7":2,"8":2,"9":2,"10":4,"11":4,"12":2,"13":4,"14":4,"15":4,"16":4,"17":4,"18":4,"19":2,"20":2,"21":1,"22":2,"23":2,"24":1,"25":3},"f":{"0":3,"1":4,"2":2,"3":1},"b":{"0":[2,2],"1":[4,3],"2":[0,1]},"_coverageSchema":"1a1c01bbd47fc00a2c39e90264f33305004495a9","hash":"33125132f97e499df59770a6a9446695b17a41be"}
,"D:\\Users\\Aluno\\Documents\\windly\\backend\\services\\userConfigService.js": {"path":"D:\\Users\\Aluno\\Documents\\windly\\backend\\services\\userConfigService.js","statementMap":{"0":{"start":{"line":1,"column":19},"end":{"line":1,"column":66}},"1":{"start":{"line":5,"column":4},"end":{"line":5,"column":53}},"2":{"start":{"line":9,"column":4},"end":{"line":9,"column":47}},"3":{"start":{"line":13,"column":4},"end":{"line":13,"column":55}},"4":{"start":{"line":17,"column":0},"end":{"line":17,"column":41}}},"fnMap":{"0":{"name":"(anonymous_0)","decl":{"start":{"line":4,"column":2},"end":{"line":4,"column":3}},"loc":{"start":{"line":4,"column":30},"end":{"line":6,"column":3}},"line":4},"1":{"name":"(anonymous_1)","decl":{"start":{"line":8,"column":2},"end":{"line":8,"column":3}},"loc":{"start":{"line":8,"column":33},"end":{"line":10,"column":3}},"line":8},"2":{"name":"(anonymous_2)","decl":{"start":{"line":12,"column":2},"end":{"line":12,"column":3}},"loc":{"start":{"line":12,"column":41},"end":{"line":14,"column":3}},"line":12}},"branchMap":{},"s":{"0":3,"1":1,"2":1,"3":1,"4":3},"f":{"0":1,"1":1,"2":1},"b":{},"_coverageSchema":"1a1c01bbd47fc00a2c39e90264f33305004495a9","hash":"2d26b1031e4ee450fa37fa85cfee0225009cc06b"}
,"D:\\Users\\Aluno\\Documents\\windly\\backend\\services\\userService.js": {"path":"D:\\Users\\Aluno\\Documents\\windly\\backend\\services\\userService.js","statementMap":{"0":{"start":{"line":1,"column":23},"end":{"line":1,"column":64}},"1":{"start":{"line":2,"column":29},"end":{"line":2,"column":76}},"2":{"start":{"line":6,"column":25},"end":{"line":6,"column":67}},"3":{"start":{"line":7,"column":4},"end":{"line":7,"column":54}},"4":{"start":{"line":7,"column":22},"end":{"line":7,"column":54}},"5":{"start":{"line":9,"column":17},"end":{"line":9,"column":71}},"6":{"start":{"line":10,"column":4},"end":{"line":10,"column":47}},"7":{"start":{"line":11,"column":4},"end":{"line":11,"column":16}},"8":{"start":{"line":15,"column":4},"end":{"line":15,"column":42}},"9":{"start":{"line":19,"column":4},"end":{"line":19,"column":40}},"10":{"start":{"line":23,"column":4},"end":{"line":23,"column":48}},"11":{"start":{"line":27,"column":24},"end":{"line":27,"column":72}},"12":{"start":{"line":28,"column":4},"end":{"line":28,"column":64}},"13":{"start":{"line":28,"column":22},"end":{"line":28,"column":64}},"14":{"start":{"line":29,"column":4},"end":{"line":29,"column":23}},"15":{"start":{"line":33,"column":20},"end":{"line":33,"column":55}},"16":{"start":{"line":34,"column":4},"end":{"line":34,"column":60}},"17":{"start":{"line":34,"column":18},"end":{"line":34,"column":60}},"18":{"start":{"line":35,"column":4},"end":{"line":35,"column":19}},"19":{"start":{"line":39,"column":0},"end":{"line":39,"column":29}}},"fnMap":{"0":{"name":"(anonymous_0)","decl":{"start":{"line":5,"column":2},"end":{"line":5,"column":3}},"loc":{"start":{"line":5,"column":49},"end":{"line":12,"column":3}},"line":5},"1":{"name":"(anonymous_1)","decl":{"start":{"line":14,"column":2},"end":{"line":14,"column":3}},"loc":{"start":{"line":14,"column":25},"end":{"line":16,"column":3}},"line":14},"2":{"name":"(anonymous_2)","decl":{"start":{"line":18,"column":2},"end":{"line":18,"column":3}},"loc":{"start":{"line":18,"column":23},"end":{"line":20,"column":3}},"line":18},"3":{"name":"(anonymous_3)","decl":{"start":{"line":22,"column":2},"end":{"line":22,"column":3}},"loc":{"start":{"line":22,"column":31},"end":{"line":24,"column":3}},"line":22},"4":{"name":"(anonymous_4)","decl":{"start":{"line":26,"column":2},"end":{"line":26,"column":3}},"loc":{"start":{"line":26,"column":43},"end":{"line":30,"column":3}},"line":26},"5":{"name":"(anonymous_5)","decl":{"start":{"line":32,"column":2},"end":{"line":32,"column":3}},"loc":{"start":{"line":32,"column":30},"end":{"line":36,"column":3}},"line":32}},"branchMap":{"0":{"loc":{"start":{"line":7,"column":4},"end":{"line":7,"column":54}},"type":"if","locations":[{"start":{"line":7,"column":4},"end":{"line":7,"column":54}},{"start":{},"end":{}}],"line":7},"1":{"loc":{"start":{"line":28,"column":4},"end":{"line":28,"column":64}},"type":"if","locations":[{"start":{"line":28,"column":4},"end":{"line":28,"column":64}},{"start":{},"end":{}}],"line":28},"2":{"loc":{"start":{"line":34,"column":4},"end":{"line":34,"column":60}},"type":"if","locations":[{"start":{"line":34,"column":4},"end":{"line":34,"column":60}},{"start":{},"end":{}}],"line":34}},"s":{"0":4,"1":4,"2":3,"3":3,"4":1,"5":2,"6":2,"7":1,"8":2,"9":2,"10":0,"11":2,"12":2,"13":1,"14":1,"15":2,"16":2,"17":1,"18":1,"19":4},"f":{"0":3,"1":2,"2":2,"3":0,"4":2,"5":2},"b":{"0":[1,2],"1":[1,1],"2":[1,1]},"_coverageSchema":"1a1c01bbd47fc00a2c39e90264f33305004495a9","hash":"c4d2bb45e3e289f1faa73ad1db896b4ee3c0365d"}
,"D:\\Users\\Aluno\\Documents\\windly\\backend\\swagger\\swaggerConfig.js": {"path":"D:\\Users\\Aluno\\Documents\\windly\\backend\\swagger\\swaggerConfig.js","statementMap":{"0":{"start":{"line":1,"column":21},"end":{"line":1,"column":45}},"1":{"start":{"line":3,"column":16},"end":{"line":78,"column":1}},"2":{"start":{"line":80,"column":20},"end":{"line":80,"column":41}},"3":{"start":{"line":82,"column":0},"end":{"line":82,"column":29}}},"fnMap":{},"branchMap":{},"s":{"0":1,"1":1,"2":1,"3":1},"f":{},"b":{},"_coverageSchema":"1a1c01bbd47fc00a2c39e90264f33305004495a9","hash":"1eac3080b530b825a5d6334816f9da87cb237dce"}
,"D:\\Users\\Aluno\\Documents\\windly\\backend\\utils\\responseFormatter.js": {"path":"D:\\Users\\Aluno\\Documents\\windly\\backend\\utils\\responseFormatter.js","statementMap":{"0":{"start":{"line":2,"column":20},"end":{"line":2,"column":42}},"1":{"start":{"line":3,"column":15},"end":{"line":3,"column":41}},"2":{"start":{"line":4,"column":2},"end":{"line":7,"column":5}},"3":{"start":{"line":11,"column":17},"end":{"line":11,"column":37}},"4":{"start":{"line":13,"column":2},"end":{"line":26,"column":4}},"5":{"start":{"line":30,"column":2},"end":{"line":39,"column":6}},"6":{"start":{"line":30,"column":37},"end":{"line":39,"column":3}},"7":{"start":{"line":44,"column":2},"end":{"line":49,"column":6}},"8":{"start":{"line":44,"column":38},"end":{"line":49,"column":3}},"9":{"start":{"line":54,"column":21},"end":{"line":54,"column":23}},"10":{"start":{"line":56,"column":2},"end":{"line":64,"column":5}},"11":{"start":{"line":57,"column":4},"end":{"line":63,"column":7}},"12":{"start":{"line":58,"column":6},"end":{"line":62,"column":9}},"13":{"start":{"line":66,"column":2},"end":{"line":66,"column":20}},"14":{"start":{"line":72,"column":18},"end":{"line":72,"column":20}},"15":{"start":{"line":74,"column":2},"end":{"line":83,"column":5}},"16":{"start":{"line":75,"column":26},"end":{"line":75,"column":49}},"17":{"start":{"line":76,"column":16},"end":{"line":76,"column":34}},"18":{"start":{"line":78,"column":4},"end":{"line":80,"column":5}},"19":{"start":{"line":79,"column":6},"end":{"line":79,"column":23}},"20":{"start":{"line":82,"column":4},"end":{"line":82,"column":36}},"21":{"start":{"line":85,"column":2},"end":{"line":88,"column":6}},"22":{"start":{"line":85,"column":59},"end":{"line":88,"column":3}},"23":{"start":{"line":93,"column":2},"end":{"line":96,"column":6}},"24":{"start":{"line":93,"column":38},"end":{"line":96,"column":3}},"25":{"start":{"line":101,"column":0},"end":{"line":108,"column":2}}},"fnMap":{"0":{"name":"formatTime","decl":{"start":{"line":1,"column":9},"end":{"line":1,"column":19}},"loc":{"start":{"line":1,"column":47},"end":{"line":8,"column":1}},"line":1},"1":{"name":"formatResponse","decl":{"start":{"line":10,"column":9},"end":{"line":10,"column":23}},"loc":{"start":{"line":10,"column":37},"end":{"line":27,"column":1}},"line":10},"2":{"name":"formatForecastResponse","decl":{"start":{"line":29,"column":9},"end":{"line":29,"column":31}},"loc":{"start":{"line":29,"column":46},"end":{"line":40,"column":1}},"line":29},"3":{"name":"(anonymous_3)","decl":{"start":{"line":30,"column":26},"end":{"line":30,"column":27}},"loc":{"start":{"line":30,"column":37},"end":{"line":39,"column":3}},"line":30},"4":{"name":"formatDailyClimateHistory","decl":{"start":{"line":43,"column":9},"end":{"line":43,"column":34}},"loc":{"start":{"line":43,"column":48},"end":{"line":50,"column":1}},"line":43},"5":{"name":"(anonymous_5)","decl":{"start":{"line":44,"column":30},"end":{"line":44,"column":31}},"loc":{"start":{"line":44,"column":38},"end":{"line":49,"column":3}},"line":44},"6":{"name":"formatHourlyWeather","decl":{"start":{"line":53,"column":9},"end":{"line":53,"column":28}},"loc":{"start":{"line":53,"column":42},"end":{"line":67,"column":1}},"line":53},"7":{"name":"(anonymous_7)","decl":{"start":{"line":56,"column":27},"end":{"line":56,"column":28}},"loc":{"start":{"line":56,"column":34},"end":{"line":64,"column":3}},"line":56},"8":{"name":"(anonymous_8)","decl":{"start":{"line":57,"column":22},"end":{"line":57,"column":23}},"loc":{"start":{"line":57,"column":30},"end":{"line":63,"column":5}},"line":57},"9":{"name":"formatMonthlyPrecipitation","decl":{"start":{"line":71,"column":9},"end":{"line":71,"column":35}},"loc":{"start":{"line":71,"column":49},"end":{"line":89,"column":1}},"line":71},"10":{"name":"(anonymous_10)","decl":{"start":{"line":74,"column":27},"end":{"line":74,"column":28}},"loc":{"start":{"line":74,"column":34},"end":{"line":83,"column":3}},"line":74},"11":{"name":"(anonymous_11)","decl":{"start":{"line":85,"column":37},"end":{"line":85,"column":38}},"loc":{"start":{"line":85,"column":59},"end":{"line":88,"column":3}},"line":85},"12":{"name":"formatDailyPrecipitationProbability","decl":{"start":{"line":92,"column":9},"end":{"line":92,"column":44}},"loc":{"start":{"line":92,"column":58},"end":{"line":97,"column":1}},"line":92},"13":{"name":"(anonymous_13)","decl":{"start":{"line":93,"column":30},"end":{"line":93,"column":31}},"loc":{"start":{"line":93,"column":38},"end":{"line":96,"column":3}},"line":93}},"branchMap":{"0":{"loc":{"start":{"line":1,"column":26},"end":{"line":1,"column":45}},"type":"default-arg","locations":[{"start":{"line":1,"column":44},"end":{"line":1,"column":45}}],"line":1},"1":{"loc":{"start":{"line":31,"column":10},"end":{"line":31,"column":44}},"type":"binary-expr","locations":[{"start":{"line":31,"column":10},"end":{"line":31,"column":19}},{"start":{"line":31,"column":23},"end":{"line":31,"column":44}}],"line":31},"2":{"loc":{"start":{"line":32,"column":17},"end":{"line":32,"column":71}},"type":"cond-expr","locations":[{"start":{"line":32,"column":29},"end":{"line":32,"column":47}},{"start":{"line":32,"column":50},"end":{"line":32,"column":71}}],"line":32},"3":{"loc":{"start":{"line":33,"column":14},"end":{"line":33,"column":76}},"type":"cond-expr","locations":[{"start":{"line":33,"column":26},"end":{"line":33,"column":48}},{"start":{"line":33,"column":51},"end":{"line":33,"column":76}}],"line":33},"4":{"loc":{"start":{"line":34,"column":14},"end":{"line":34,"column":76}},"type":"cond-expr","locations":[{"start":{"line":34,"column":26},"end":{"line":34,"column":48}},{"start":{"line":34,"column":51},"end":{"line":34,"column":76}}],"line":34},"5":{"loc":{"start":{"line":35,"column":17},"end":{"line":35,"column":99}},"type":"cond-expr","locations":[{"start":{"line":35,"column":51},"end":{"line":35,"column":71}},{"start":{"line":35,"column":74},"end":{"line":35,"column":99}}],"line":35},"6":{"loc":{"start":{"line":35,"column":17},"end":{"line":35,"column":48}},"type":"binary-expr","locations":[{"start":{"line":35,"column":17},"end":{"line":35,"column":29}},{"start":{"line":35,"column":33},"end":{"line":35,"column":48}}],"line":35},"7":{"loc":{"start":{"line":36,"column":17},"end":{"line":36,"column":107}},"type":"cond-expr","locations":[{"start":{"line":36,"column":51},"end":{"line":36,"column":78}},{"start":{"line":36,"column":81},"end":{"line":36,"column":107}}],"line":36},"8":{"loc":{"start":{"line":36,"column":17},"end":{"line":36,"column":48}},"type":"binary-expr","locations":[{"start":{"line":36,"column":17},"end":{"line":36,"column":29}},{"start":{"line":36,"column":33},"end":{"line":36,"column":48}}],"line":36},"9":{"loc":{"start":{"line":37,"column":15},"end":{"line":37,"column":81}},"type":"cond-expr","locations":[{"start":{"line":37,"column":27},"end":{"line":37,"column":42}},{"start":{"line":37,"column":45},"end":{"line":37,"column":81}}],"line":37},"10":{"loc":{"start":{"line":38,"column":14},"end":{"line":38,"column":71}},"type":"cond-expr","locations":[{"start":{"line":38,"column":26},"end":{"line":38,"column":44}},{"start":{"line":38,"column":47},"end":{"line":38,"column":71}}],"line":38},"11":{"loc":{"start":{"line":78,"column":4},"end":{"line":80,"column":5}},"type":"if","locations":[{"start":{"line":78,"column":4},"end":{"line":80,"column":5}},{"start":{},"end":{}}],"line":78},"12":{"loc":{"start":{"line":82,"column":20},"end":{"line":82,"column":35}},"type":"binary-expr","locations":[{"start":{"line":82,"column":20},"end":{"line":82,"column":30}},{"start":{"line":82,"column":34},"end":{"line":82,"column":35}}],"line":82}},"s":{"0":0,"1":0,"2":0,"3":0,"4":0,"5":0,"6":0,"7":0,"8":0,"9":0,"10":0,"11":0,"12":0,"13":0,"14":0,"15":0,"16":0,"17":0,"18":0,"19":0,"20":0,"21":0,"22":0,"23":0,"24":0,"25":6},"f":{"0":0,"1":0,"2":0,"3":0,"4":0,"5":0,"6":0,"7":0,"8":0,"9":0,"10":0,"11":0,"12":0,"13":0},"b":{"0":[0],"1":[0,0],"2":[0,0],"3":[0,0],"4":[0,0],"5":[0,0],"6":[0,0],"7":[0,0],"8":[0,0],"9":[0,0],"10":[0,0],"11":[0,0],"12":[0,0]},"_coverageSchema":"1a1c01bbd47fc00a2c39e90264f33305004495a9","hash":"e995684329019f8ccfdf7e5cc282cabc7c26ac99"}
}
