TN:
SF:controllers\authController.js
FN:16,sendAlertEmail
FN:24,handleFailedAttempt
FN:49,(anonymous_2)
FN:91,(anonymous_3)
FNF:4
FNH:4
FNDA:2,sendAlertEmail
FNDA:3,handleFailedAttempt
FNDA:4,(anonymous_2)
FNDA:4,(anonymous_3)
DA:1,1
DA:2,1
DA:3,1
DA:4,1
DA:6,1
DA:7,1
DA:9,1
DA:12,1
DA:13,1
DA:14,1
DA:17,2
DA:18,2
DA:20,0
DA:25,3
DA:26,0
DA:28,0
DA:34,0
DA:38,3
DA:39,2
DA:46,3
DA:49,1
DA:50,4
DA:51,4
DA:53,4
DA:54,2
DA:57,4
DA:58,0
DA:59,0
DA:62,4
DA:63,4
DA:64,2
DA:65,2
DA:68,2
DA:69,2
DA:70,1
DA:71,1
DA:75,1
DA:78,1
DA:79,1
DA:81,1
DA:83,1
DA:88,1
DA:91,1
DA:92,4
DA:93,4
DA:95,4
DA:96,4
DA:99,0
DA:100,0
DA:101,0
DA:104,0
DA:105,0
DA:108,0
DA:110,0
DA:112,0
DA:118,0
DA:121,1
LF:57
LH:42
BRDA:25,0,0,0
BRDA:25,0,1,3
BRDA:38,1,0,2
BRDA:38,1,1,1
BRDA:53,2,0,2
BRDA:53,2,1,2
BRDA:57,3,0,0
BRDA:57,3,1,4
BRDA:63,4,0,2
BRDA:63,4,1,2
BRDA:69,5,0,1
BRDA:69,5,1,1
BRDA:95,6,0,4
BRDA:95,6,1,0
BRDA:99,7,0,0
BRDA:99,7,1,0
BRDA:104,8,0,0
BRDA:104,8,1,0
BRF:18
BRH:11
end_of_record
TN:
SF:controllers\cidadeFavoritaController.js
FN:4,(anonymous_0)
FN:14,(anonymous_1)
FN:26,(anonymous_2)
FN:36,(anonymous_3)
FN:48,(anonymous_4)
FNF:5
FNH:5
FNDA:2,(anonymous_0)
FNDA:2,(anonymous_1)
FNDA:2,(anonymous_2)
FNDA:2,(anonymous_3)
FNDA:2,(anonymous_4)
DA:1,1
DA:5,2
DA:6,2
DA:7,2
DA:8,1
DA:10,1
DA:15,2
DA:16,2
DA:17,2
DA:18,2
DA:19,2
DA:20,1
DA:22,0
DA:27,2
DA:28,2
DA:29,2
DA:30,1
DA:32,1
DA:37,2
DA:38,2
DA:39,2
DA:40,2
DA:41,2
DA:42,1
DA:44,0
DA:49,2
DA:50,2
DA:51,2
DA:52,2
DA:53,2
DA:54,1
DA:56,0
DA:61,1
LF:33
LH:30
BRDA:19,0,0,1
BRDA:19,0,1,1
BRDA:41,1,0,1
BRDA:41,1,1,1
BRDA:53,2,0,1
BRDA:53,2,1,1
BRF:6
BRH:6
end_of_record
TN:
SF:controllers\climaController.js
FN:6,(anonymous_0)
FNF:1
FNH:1
FNDA:5,(anonymous_0)
DA:2,1
DA:3,1
DA:7,5
DA:9,5
DA:10,1
DA:13,4
DA:14,4
DA:15,3
DA:16,1
DA:19,2
DA:20,2
DA:22,1
DA:27,1
LF:13
LH:13
BRDA:9,0,0,1
BRDA:9,0,1,4
BRDA:15,1,0,1
BRDA:15,1,1,2
BRF:4
BRH:4
end_of_record
TN:
SF:controllers\crossingController.js
FN:9,getDailyClimateHistory
FN:24,getTodayHourlyWeather
FN:40,getMonthlyPrecipitation
FN:55,getTodayPrecipProbability
FN:66,(anonymous_4)
FNF:5
FNH:5
FNDA:4,getDailyClimateHistory
FNDA:3,getTodayHourlyWeather
FNDA:3,getMonthlyPrecipitation
FNDA:4,getTodayPrecipProbability
FNDA:2,(anonymous_4)
DA:1,1
DA:7,1
DA:10,4
DA:11,4
DA:13,3
DA:14,3
DA:15,2
DA:17,1
DA:18,1
DA:20,1
DA:25,3
DA:26,3
DA:28,2
DA:29,2
DA:30,1
DA:32,1
DA:33,1
DA:35,1
DA:36,1
DA:41,3
DA:42,3
DA:44,2
DA:45,2
DA:46,1
DA:48,1
DA:49,1
DA:51,1
DA:56,4
DA:57,4
DA:59,3
DA:60,3
DA:61,2
DA:63,2
DA:64,2
DA:66,2
DA:71,2
DA:73,1
DA:77,1
LF:38
LH:38
BRDA:11,0,0,1
BRDA:11,0,1,3
BRDA:15,1,0,1
BRDA:15,1,1,1
BRDA:26,2,0,1
BRDA:26,2,1,2
BRDA:30,3,0,0
BRDA:30,3,1,1
BRDA:42,4,0,1
BRDA:42,4,1,2
BRDA:46,5,0,0
BRDA:46,5,1,1
BRDA:57,6,0,1
BRDA:57,6,1,3
BRDA:61,7,0,0
BRDA:61,7,1,2
BRDA:66,8,0,2
BRDA:66,8,1,1
BRF:18
BRH:15
end_of_record
TN:
SF:controllers\lembreteController.js
FN:4,(anonymous_0)
FN:14,(anonymous_1)
FN:25,(anonymous_2)
FN:38,(anonymous_3)
FN:52,(anonymous_4)
FNF:5
FNH:5
FNDA:2,(anonymous_0)
FNDA:3,(anonymous_1)
FNDA:4,(anonymous_2)
FNDA:3,(anonymous_3)
FNDA:3,(anonymous_4)
DA:1,1
DA:5,2
DA:6,2
DA:7,2
DA:8,1
DA:10,1
DA:15,3
DA:16,3
DA:17,3
DA:18,2
DA:19,1
DA:21,1
DA:26,4
DA:27,4
DA:28,4
DA:29,2
DA:31,2
DA:32,1
DA:34,1
DA:39,3
DA:40,3
DA:41,3
DA:42,3
DA:43,2
DA:44,1
DA:46,1
DA:48,1
DA:53,3
DA:54,3
DA:55,3
DA:56,2
DA:57,1
DA:59,1
DA:64,1
LF:34
LH:34
BRDA:18,0,0,1
BRDA:18,0,1,1
BRDA:28,1,0,2
BRDA:28,1,1,2
BRDA:28,2,0,4
BRDA:28,2,1,3
BRDA:43,3,0,1
BRDA:43,3,1,1
BRDA:56,4,0,1
BRDA:56,4,1,1
BRF:10
BRH:10
end_of_record
TN:
SF:controllers\previsaoController.js
FN:5,(anonymous_0)
FNF:1
FNH:1
FNDA:6,(anonymous_0)
DA:1,1
DA:2,1
DA:6,6
DA:8,6
DA:9,1
DA:12,5
DA:13,5
DA:15,4
DA:16,1
DA:19,3
DA:20,3
DA:22,1
DA:27,1
LF:13
LH:13
BRDA:8,0,0,1
BRDA:8,0,1,5
BRDA:15,1,0,1
BRDA:15,1,1,3
BRF:4
BRH:4
end_of_record
TN:
SF:controllers\userConfigController.js
FN:3,(anonymous_0)
FN:16,(anonymous_1)
FNF:2
FNH:2
FNDA:3,(anonymous_0)
FNDA:4,(anonymous_1)
DA:1,1
DA:3,1
DA:4,3
DA:5,3
DA:6,3
DA:7,2
DA:8,1
DA:10,2
DA:12,1
DA:16,1
DA:17,4
DA:18,4
DA:19,4
DA:21,4
DA:22,3
DA:23,1
DA:25,3
DA:26,3
DA:28,1
LF:19
LH:19
BRDA:7,0,0,1
BRDA:7,0,1,1
BRDA:22,1,0,1
BRDA:22,1,1,2
BRF:4
BRH:4
end_of_record
TN:
SF:controllers\userController.js
FN:3,(anonymous_0)
FN:18,(anonymous_1)
FN:28,(anonymous_2)
FN:39,(anonymous_3)
FN:49,(anonymous_4)
FN:61,(anonymous_5)
FNF:6
FNH:6
FNDA:3,(anonymous_0)
FNDA:3,(anonymous_1)
FNDA:3,(anonymous_2)
FNDA:3,(anonymous_3)
FNDA:2,(anonymous_4)
FNDA:2,(anonymous_5)
DA:1,1
DA:3,1
DA:4,3
DA:6,3
DA:7,3
DA:8,1
DA:10,2
DA:11,1
DA:13,1
DA:14,1
DA:18,1
DA:19,3
DA:20,3
DA:21,2
DA:22,1
DA:24,1
DA:28,1
DA:29,3
DA:30,3
DA:31,2
DA:32,1
DA:33,1
DA:35,1
DA:39,1
DA:40,3
DA:41,3
DA:42,2
DA:43,1
DA:45,1
DA:49,1
DA:50,2
DA:51,2
DA:53,2
DA:54,2
DA:55,1
DA:57,1
DA:61,1
DA:62,2
DA:63,2
DA:64,1
DA:66,1
DA:70,1
LF:42
LH:42
BRDA:10,0,0,1
BRDA:10,0,1,1
BRDA:21,1,0,1
BRDA:21,1,1,1
BRDA:31,2,0,1
BRDA:31,2,1,1
BRDA:42,3,0,1
BRDA:42,3,1,1
BRF:8
BRH:8
end_of_record
TN:
SF:db\db.js
FN:19,(anonymous_0)
FNF:1
FNH:0
FNDA:0,(anonymous_0)
DA:2,11
DA:4,11
DA:8,11
DA:9,11
DA:12,11
DA:14,0
DA:15,0
DA:19,11
DA:21,11
LF:9
LH:7
BRF:0
BRH:0
end_of_record
TN:
SF:db\dbInit.js
FN:4,(anonymous_0)
FNF:1
FNH:1
FNDA:6,(anonymous_0)
DA:1,7
DA:4,7
DA:6,6
DA:8,6
DA:10,6
DA:12,6
DA:14,6
DA:16,6
DA:17,6
DA:18,2
DA:27,2
DA:31,5
DA:32,5
DA:33,1
DA:40,1
DA:44,5
DA:45,5
DA:46,1
DA:55,1
DA:59,5
DA:60,5
DA:61,1
DA:71,1
DA:75,1
DA:79,7
LF:25
LH:25
BRDA:17,0,0,2
BRDA:17,0,1,4
BRDA:32,1,0,1
BRDA:32,1,1,4
BRDA:45,2,0,1
BRDA:45,2,1,4
BRDA:60,3,0,1
BRDA:60,3,1,4
BRF:8
BRH:8
end_of_record
TN:
SF:models\cidadeFavoritaModel.js
FN:2,(anonymous_0)
FN:8,(anonymous_1)
FNF:2
FNH:0
FNDA:0,(anonymous_0)
FNDA:0,(anonymous_1)
DA:3,0
DA:4,0
DA:5,0
DA:9,0
DA:17,2
LF:5
LH:1
BRF:0
BRH:0
end_of_record
TN:
SF:models\lembreteModel.js
FN:2,(anonymous_0)
FNF:1
FNH:0
FNDA:0,(anonymous_0)
DA:3,0
DA:4,0
DA:5,0
DA:6,0
DA:7,0
DA:11,1
LF:6
LH:1
BRF:0
BRH:0
end_of_record
TN:
SF:models\userModel.js
FN:2,(anonymous_0)
FN:10,(anonymous_1)
FNF:2
FNH:0
FNDA:0,(anonymous_0)
FNDA:0,(anonymous_1)
DA:3,0
DA:4,0
DA:5,0
DA:6,0
DA:7,0
DA:11,0
DA:20,3
LF:7
LH:1
BRF:0
BRH:0
end_of_record
TN:
SF:repositories\cidadeFavoritaRepository.js
FN:6,(anonymous_0)
FN:11,(anonymous_1)
FN:19,(anonymous_2)
FN:27,(anonymous_3)
FN:35,(anonymous_4)
FN:37,(anonymous_5)
FNF:6
FNH:0
FNDA:0,(anonymous_0)
FNDA:0,(anonymous_1)
FNDA:0,(anonymous_2)
FNDA:0,(anonymous_3)
FNDA:0,(anonymous_4)
FNDA:0,(anonymous_5)
DA:1,2
DA:2,2
DA:7,0
DA:8,0
DA:12,0
DA:16,0
DA:20,0
DA:24,0
DA:28,0
DA:32,0
DA:36,0
DA:37,0
DA:41,2
LF:13
LH:3
BRDA:8,0,0,0
BRDA:8,0,1,0
BRDA:24,1,0,0
BRDA:24,1,1,0
BRDA:32,2,0,0
BRDA:32,2,1,0
BRF:6
BRH:0
end_of_record
TN:
SF:repositories\lembreteRepository.js
FN:5,(anonymous_0)
FN:7,(anonymous_1)
FN:10,(anonymous_2)
FN:15,(anonymous_3)
FN:23,(anonymous_4)
FN:31,(anonymous_5)
FNF:6
FNH:0
FNDA:0,(anonymous_0)
FNDA:0,(anonymous_1)
FNDA:0,(anonymous_2)
FNDA:0,(anonymous_3)
FNDA:0,(anonymous_4)
FNDA:0,(anonymous_5)
DA:1,1
DA:2,1
DA:6,0
DA:7,0
DA:11,0
DA:12,0
DA:16,0
DA:20,0
DA:24,0
DA:28,0
DA:32,0
DA:33,0
DA:37,1
LF:13
LH:3
BRDA:12,0,0,0
BRDA:12,0,1,0
BRDA:28,1,0,0
BRDA:28,1,1,0
BRDA:33,2,0,0
BRDA:33,2,1,0
BRF:6
BRH:0
end_of_record
TN:
SF:repositories\userConfigRepository.js
FN:4,(anonymous_0)
FN:12,(anonymous_1)
FN:22,(anonymous_2)
FNF:3
FNH:0
FNDA:0,(anonymous_0)
FNDA:0,(anonymous_1)
FNDA:0,(anonymous_2)
DA:1,4
DA:5,0
DA:9,0
DA:13,0
DA:19,0
DA:23,0
DA:33,0
DA:37,4
LF:8
LH:2
BRDA:9,0,0,0
BRDA:9,0,1,0
BRDA:19,1,0,0
BRDA:19,1,1,0
BRDA:33,2,0,0
BRDA:33,2,1,0
BRF:6
BRH:0
end_of_record
TN:
SF:repositories\userRepository.js
FN:5,createUser
FN:16,getAllUsers
FN:25,getUserByEmail
FN:35,getUserById
FN:45,updateUser
FN:56,deleteUser
FNF:6
FNH:0
FNDA:0,createUser
FNDA:0,getAllUsers
FNDA:0,getUserByEmail
FNDA:0,getUserById
FNDA:0,updateUser
FNDA:0,deleteUser
DA:1,3
DA:2,3
DA:3,3
DA:6,0
DA:7,0
DA:12,0
DA:13,0
DA:17,0
DA:21,0
DA:22,0
DA:26,0
DA:31,0
DA:32,0
DA:36,0
DA:41,0
DA:42,0
DA:46,0
DA:52,0
DA:53,0
DA:57,0
DA:60,3
LF:21
LH:4
BRDA:32,0,0,0
BRDA:32,0,1,0
BRDA:42,1,0,0
BRDA:42,1,1,0
BRDA:53,2,0,0
BRDA:53,2,1,0
BRF:6
BRH:0
end_of_record
TN:
SF:services\cidadeFavoritaService.js
FN:5,(anonymous_0)
FN:9,(anonymous_1)
FN:19,(anonymous_2)
FN:23,(anonymous_3)
FN:27,(anonymous_4)
FNF:5
FNH:5
FNDA:1,(anonymous_0)
FNDA:2,(anonymous_1)
FNDA:1,(anonymous_2)
FNDA:1,(anonymous_3)
FNDA:1,(anonymous_4)
DA:1,2
DA:2,2
DA:6,1
DA:10,2
DA:11,2
DA:12,1
DA:13,1
DA:14,1
DA:16,1
DA:20,1
DA:24,1
DA:28,1
DA:32,2
LF:13
LH:13
BRDA:11,0,0,1
BRDA:11,0,1,1
BRF:2
BRH:2
end_of_record
TN:
SF:services\climaService.js
FN:10,(anonymous_0)
FNF:1
FNH:0
FNDA:0,(anonymous_0)
DA:1,1
DA:2,1
DA:4,1
DA:6,1
DA:7,1
DA:11,0
DA:12,0
DA:14,0
DA:16,0
DA:25,0
DA:28,0
DA:30,0
DA:31,0
DA:34,0
DA:39,1
LF:15
LH:6
BRDA:28,0,0,0
BRDA:28,0,1,0
BRDA:30,1,0,0
BRDA:30,1,1,0
BRDA:30,2,0,0
BRDA:30,2,1,0
BRF:6
BRH:0
end_of_record
TN:
SF:services\crossingService.js
FN:9,(anonymous_0)
FN:35,(anonymous_1)
FN:39,(anonymous_2)
FN:48,(anonymous_3)
FN:53,(anonymous_4)
FN:56,(anonymous_5)
FN:64,(anonymous_6)
FN:70,(anonymous_7)
FN:76,(anonymous_8)
FN:83,(anonymous_9)
FN:88,(anonymous_10)
FNF:11
FNH:0
FNDA:0,(anonymous_0)
FNDA:0,(anonymous_1)
FNDA:0,(anonymous_2)
FNDA:0,(anonymous_3)
FNDA:0,(anonymous_4)
FNDA:0,(anonymous_5)
FNDA:0,(anonymous_6)
FNDA:0,(anonymous_7)
FNDA:0,(anonymous_8)
FNDA:0,(anonymous_9)
FNDA:0,(anonymous_10)
DA:1,1
DA:2,1
DA:3,1
DA:5,1
DA:10,0
DA:11,0
DA:12,0
DA:13,0
DA:15,0
DA:16,0
DA:17,0
DA:19,0
DA:21,0
DA:22,0
DA:24,0
DA:26,0
DA:27,0
DA:30,0
DA:36,0
DA:37,0
DA:39,0
DA:49,0
DA:50,0
DA:52,0
DA:53,0
DA:54,0
DA:56,0
DA:65,0
DA:66,0
DA:68,0
DA:70,0
DA:71,0
DA:72,0
DA:73,0
DA:76,0
DA:84,0
DA:85,0
DA:87,0
DA:88,0
DA:89,0
DA:91,0
DA:98,1
LF:42
LH:5
BRDA:9,0,0,0
BRDA:24,1,0,0
BRDA:24,1,1,0
BRDA:26,2,0,0
BRDA:26,2,1,0
BRDA:37,3,0,0
BRDA:37,3,1,0
BRDA:50,4,0,0
BRDA:50,4,1,0
BRDA:54,5,0,0
BRDA:54,5,1,0
BRDA:66,6,0,0
BRDA:66,6,1,0
BRDA:73,7,0,0
BRDA:73,7,1,0
BRDA:73,8,0,0
BRDA:73,8,1,0
BRDA:85,9,0,0
BRDA:85,9,1,0
BRDA:89,10,0,0
BRDA:89,10,1,0
BRF:21
BRH:0
end_of_record
TN:
SF:services\emailService.js
FN:14,(anonymous_0)
FN:33,(anonymous_1)
FNF:2
FNH:1
FNDA:3,(anonymous_0)
FNDA:0,(anonymous_1)
DA:1,1
DA:2,1
DA:4,1
DA:14,1
DA:15,3
DA:16,3
DA:27,0
DA:29,3
DA:33,1
DA:34,0
DA:35,0
DA:42,0
DA:44,0
DA:48,1
LF:14
LH:9
BRF:0
BRH:0
end_of_record
TN:
SF:services\lembreteService.js
FN:4,(anonymous_0)
FN:8,(anonymous_1)
FN:12,(anonymous_2)
FN:16,(anonymous_3)
FN:20,(anonymous_4)
FNF:5
FNH:0
FNDA:0,(anonymous_0)
FNDA:0,(anonymous_1)
FNDA:0,(anonymous_2)
FNDA:0,(anonymous_3)
FNDA:0,(anonymous_4)
DA:1,1
DA:5,0
DA:9,0
DA:13,0
DA:17,0
DA:21,0
DA:25,1
LF:7
LH:2
BRF:0
BRH:0
end_of_record
TN:
SF:services\previsaoService.js
FN:7,(anonymous_0)
FN:18,(anonymous_1)
FN:42,(anonymous_2)
FN:44,(anonymous_3)
FNF:4
FNH:0
FNDA:0,(anonymous_0)
FNDA:0,(anonymous_1)
FNDA:0,(anonymous_2)
FNDA:0,(anonymous_3)
DA:1,1
DA:2,1
DA:4,1
DA:8,0
DA:9,0
DA:11,0
DA:12,0
DA:13,0
DA:16,0
DA:18,0
DA:19,0
DA:21,0
DA:22,0
DA:31,0
DA:32,0
DA:33,0
DA:34,0
DA:37,0
DA:38,0
DA:42,0
DA:44,0
DA:45,0
DA:48,0
DA:57,0
DA:59,0
DA:64,1
LF:26
LH:4
BRDA:21,0,0,0
BRDA:21,0,1,0
BRDA:38,1,0,0
BRDA:38,1,1,0
BRDA:45,2,0,0
BRDA:45,2,1,0
BRF:6
BRH:0
end_of_record
TN:
SF:services\userConfigService.js
FN:4,(anonymous_0)
FN:8,(anonymous_1)
FN:12,(anonymous_2)
FNF:3
FNH:0
FNDA:0,(anonymous_0)
FNDA:0,(anonymous_1)
FNDA:0,(anonymous_2)
DA:1,1
DA:5,0
DA:9,0
DA:13,0
DA:17,1
LF:5
LH:2
BRF:0
BRH:0
end_of_record
TN:
SF:services\userService.js
FN:5,(anonymous_0)
FN:14,(anonymous_1)
FN:18,(anonymous_2)
FN:22,(anonymous_3)
FN:26,(anonymous_4)
FN:30,(anonymous_5)
FNF:6
FNH:5
FNDA:2,(anonymous_0)
FNDA:1,(anonymous_1)
FNDA:1,(anonymous_2)
FNDA:0,(anonymous_3)
FNDA:1,(anonymous_4)
FNDA:1,(anonymous_5)
DA:1,3
DA:2,3
DA:6,2
DA:7,2
DA:9,1
DA:10,1
DA:11,1
DA:15,1
DA:19,1
DA:23,0
DA:27,1
DA:31,1
DA:35,3
LF:13
LH:12
BRDA:7,0,0,1
BRDA:7,0,1,1
BRF:2
BRH:2
end_of_record
TN:
SF:utils\responseFormatter.js
FN:1,formatTime
FN:10,formatResponse
FN:29,formatForecastResponse
FN:30,(anonymous_3)
FN:43,formatDailyClimateHistory
FN:44,(anonymous_5)
FN:53,formatHourlyWeather
FN:56,(anonymous_7)
FN:57,(anonymous_8)
FN:71,formatMonthlyPrecipitation
FN:74,(anonymous_10)
FN:85,(anonymous_11)
FN:92,formatDailyPrecipitationProbability
FN:93,(anonymous_13)
FNF:14
FNH:0
FNDA:0,formatTime
FNDA:0,formatResponse
FNDA:0,formatForecastResponse
FNDA:0,(anonymous_3)
FNDA:0,formatDailyClimateHistory
FNDA:0,(anonymous_5)
FNDA:0,formatHourlyWeather
FNDA:0,(anonymous_7)
FNDA:0,(anonymous_8)
FNDA:0,formatMonthlyPrecipitation
FNDA:0,(anonymous_10)
FNDA:0,(anonymous_11)
FNDA:0,formatDailyPrecipitationProbability
FNDA:0,(anonymous_13)
DA:2,0
DA:3,0
DA:4,0
DA:11,0
DA:13,0
DA:30,0
DA:44,0
DA:54,0
DA:56,0
DA:57,0
DA:58,0
DA:66,0
DA:72,0
DA:74,0
DA:75,0
DA:76,0
DA:78,0
DA:79,0
DA:82,0
DA:85,0
DA:93,0
DA:101,3
LF:22
LH:1
BRDA:1,0,0,0
BRDA:31,1,0,0
BRDA:31,1,1,0
BRDA:32,2,0,0
BRDA:32,2,1,0
BRDA:33,3,0,0
BRDA:33,3,1,0
BRDA:34,4,0,0
BRDA:34,4,1,0
BRDA:35,5,0,0
BRDA:35,5,1,0
BRDA:35,6,0,0
BRDA:35,6,1,0
BRDA:36,7,0,0
BRDA:36,7,1,0
BRDA:36,8,0,0
BRDA:36,8,1,0
BRDA:37,9,0,0
BRDA:37,9,1,0
BRDA:38,10,0,0
BRDA:38,10,1,0
BRDA:78,11,0,0
BRDA:78,11,1,0
BRDA:82,12,0,0
BRDA:82,12,1,0
BRF:25
BRH:0
end_of_record
