TN:
SF:db\db.js
FN:13,(anonymous_0)
FN:17,(anonymous_1)
FN:23,(anonymous_2)
FNF:3
FNH:0
FNDA:0,(anonymous_0)
FNDA:0,(anonymous_1)
FNDA:0,(anonymous_2)
DA:2,3
DA:3,3
DA:5,3
DA:13,3
DA:14,0
DA:17,3
DA:18,0
DA:19,0
DA:23,3
DA:25,3
LF:10
LH:7
BRDA:6,0,0,3
BRDA:6,0,1,0
BRDA:7,1,0,3
BRDA:7,1,1,0
BRDA:8,2,0,3
BRDA:8,2,1,0
BRDA:9,3,0,3
BRDA:9,3,1,3
BRDA:10,4,0,3
BRDA:10,4,1,0
BRF:10
BRH:6
end_of_record
TN:
SF:middleware\authMiddleware.js
FN:4,(anonymous_0)
FN:10,(anonymous_1)
FNF:2
FNH:2
FNDA:3,(anonymous_0)
FNDA:2,(anonymous_1)
DA:1,1
DA:2,1
DA:4,1
DA:5,3
DA:6,3
DA:8,3
DA:10,2
DA:11,2
DA:12,1
DA:13,1
DA:17,1
LF:11
LH:11
BRDA:6,0,0,3
BRDA:6,0,1,2
BRDA:8,1,0,1
BRDA:8,1,1,2
BRDA:11,2,0,1
BRDA:11,2,1,1
BRF:6
BRH:6
end_of_record
TN:
SF:middleware\cidadeMiddleware.js
FN:1,(anonymous_0)
FN:9,(anonymous_1)
FN:17,(anonymous_2)
FNF:3
FNH:3
FNDA:2,(anonymous_0)
FNDA:2,(anonymous_1)
FNDA:2,(anonymous_2)
DA:1,1
DA:2,2
DA:3,2
DA:4,1
DA:6,1
DA:9,1
DA:10,2
DA:11,2
DA:12,1
DA:14,1
DA:17,1
DA:18,2
DA:19,2
DA:20,1
DA:22,1
DA:25,1
LF:16
LH:16
BRDA:3,0,0,1
BRDA:3,0,1,1
BRDA:11,1,0,1
BRDA:11,1,1,1
BRDA:19,2,0,1
BRDA:19,2,1,1
BRDA:19,3,0,2
BRDA:19,3,1,1
BRF:8
BRH:8
end_of_record
TN:
SF:middleware\errorMiddleware.js
FN:2,(anonymous_0)
FNF:1
FNH:1
FNDA:1,(anonymous_0)
DA:3,1
DA:4,1
DA:8,1
LF:3
LH:3
BRF:0
BRH:0
end_of_record
TN:
SF:middleware\validateUser.js
FN:1,(anonymous_0)
FNF:1
FNH:1
FNDA:3,(anonymous_0)
DA:1,1
DA:2,3
DA:4,3
DA:5,2
DA:8,1
DA:11,1
LF:6
LH:6
BRDA:4,0,0,2
BRDA:4,0,1,1
BRDA:4,1,0,3
BRDA:4,1,1,2
BRDA:4,1,2,1
BRF:5
BRH:5
end_of_record
TN:
SF:models\cidadeFavoritaModel.js
FN:2,(anonymous_0)
FN:8,(anonymous_1)
FNF:2
FNH:2
FNDA:8,(anonymous_0)
FNDA:1,(anonymous_1)
DA:3,8
DA:4,8
DA:5,8
DA:9,1
DA:17,2
LF:5
LH:5
BRF:0
BRH:0
end_of_record
TN:
SF:models\lembreteModel.js
FN:2,(anonymous_0)
FNF:1
FNH:1
FNDA:7,(anonymous_0)
DA:3,7
DA:4,7
DA:5,7
DA:6,7
DA:7,7
DA:11,2
LF:6
LH:6
BRF:0
BRH:0
end_of_record
TN:
SF:models\userModel.js
FN:2,(anonymous_0)
FN:10,(anonymous_1)
FNF:2
FNH:2
FNDA:2,(anonymous_0)
FNDA:1,(anonymous_1)
DA:3,2
DA:4,2
DA:5,2
DA:6,2
DA:7,2
DA:11,1
DA:20,2
LF:7
LH:7
BRF:0
BRH:0
end_of_record
TN:
SF:repositories\cidadeFavoritaRepository.js
FN:6,(anonymous_0)
FN:11,(anonymous_1)
FN:19,(anonymous_2)
FN:27,(anonymous_3)
FN:35,(anonymous_4)
FN:37,(anonymous_5)
FNF:6
FNH:6
FNDA:2,(anonymous_0)
FNDA:1,(anonymous_1)
FNDA:2,(anonymous_2)
FNDA:2,(anonymous_3)
FNDA:2,(anonymous_4)
FNDA:2,(anonymous_5)
DA:1,1
DA:2,1
DA:7,2
DA:8,2
DA:12,1
DA:16,1
DA:20,2
DA:24,2
DA:28,2
DA:32,2
DA:36,2
DA:37,2
DA:41,1
LF:13
LH:13
BRDA:8,0,0,1
BRDA:8,0,1,1
BRDA:24,1,0,1
BRDA:24,1,1,1
BRDA:32,2,0,1
BRDA:32,2,1,1
BRF:6
BRH:6
end_of_record
TN:
SF:repositories\lembreteRepository.js
FN:5,(anonymous_0)
FN:7,(anonymous_1)
FN:10,(anonymous_2)
FN:15,(anonymous_3)
FN:23,(anonymous_4)
FN:31,(anonymous_5)
FNF:6
FNH:6
FNDA:1,(anonymous_0)
FNDA:2,(anonymous_1)
FNDA:2,(anonymous_2)
FNDA:1,(anonymous_3)
FNDA:2,(anonymous_4)
FNDA:2,(anonymous_5)
DA:1,1
DA:2,1
DA:6,1
DA:7,2
DA:11,2
DA:12,2
DA:16,1
DA:20,1
DA:24,2
DA:28,2
DA:32,2
DA:33,2
DA:37,1
LF:13
LH:13
BRDA:12,0,0,1
BRDA:12,0,1,1
BRDA:28,1,0,1
BRDA:28,1,1,1
BRDA:33,2,0,1
BRDA:33,2,1,1
BRF:6
BRH:6
end_of_record
TN:
SF:repositories\userConfigRepository.js
FN:4,(anonymous_0)
FN:12,(anonymous_1)
FN:20,(anonymous_2)
FNF:3
FNH:3
FNDA:2,(anonymous_0)
FNDA:2,(anonymous_1)
FNDA:2,(anonymous_2)
DA:1,2
DA:5,2
DA:9,2
DA:13,2
DA:17,2
DA:21,2
DA:25,2
DA:29,2
LF:8
LH:8
BRDA:9,0,0,2
BRDA:9,0,1,1
BRDA:17,1,0,2
BRDA:17,1,1,1
BRDA:25,2,0,2
BRDA:25,2,1,1
BRF:6
BRH:6
end_of_record
TN:
SF:services\userService.js
FN:6,(anonymous_0)
FN:18,(anonymous_1)
FN:22,(anonymous_2)
FN:26,(anonymous_3)
FN:30,(anonymous_4)
FN:34,(anonymous_5)
FNF:6
FNH:1
FNDA:2,(anonymous_0)
FNDA:0,(anonymous_1)
FNDA:0,(anonymous_2)
FNDA:0,(anonymous_3)
FNDA:0,(anonymous_4)
FNDA:0,(anonymous_5)
DA:1,1
DA:2,1
DA:3,1
DA:7,2
DA:8,2
DA:11,1
DA:13,1
DA:14,1
DA:15,1
DA:19,0
DA:23,0
DA:27,0
DA:31,0
DA:35,0
DA:39,1
LF:15
LH:10
BRDA:8,0,0,1
BRDA:8,0,1,1
BRF:2
BRH:2
end_of_record
TN:
SF:utils\responseFormatter.js
FN:1,formatTime
FN:10,formatResponse
FN:29,formatForecastResponse
FN:30,(anonymous_3)
FN:43,formatDailyClimateHistory
FN:44,(anonymous_5)
FN:53,formatHourlyWeather
FN:56,(anonymous_7)
FN:57,(anonymous_8)
FN:71,formatMonthlyPrecipitation
FN:74,(anonymous_10)
FN:85,(anonymous_11)
FN:92,formatDailyPrecipitationProbability
FN:93,(anonymous_13)
FNF:14
FNH:14
FNDA:2,formatTime
FNDA:1,formatResponse
FNDA:2,formatForecastResponse
FNDA:2,(anonymous_3)
FNDA:1,formatDailyClimateHistory
FNDA:2,(anonymous_5)
FNDA:1,formatHourlyWeather
FNDA:1,(anonymous_7)
FNDA:2,(anonymous_8)
FNDA:1,formatMonthlyPrecipitation
FNDA:3,(anonymous_10)
FNDA:2,(anonymous_11)
FNDA:1,formatDailyPrecipitationProbability
FNDA:2,(anonymous_13)
DA:2,2
DA:3,2
DA:4,2
DA:11,1
DA:13,1
DA:30,2
DA:44,2
DA:54,1
DA:56,1
DA:57,1
DA:58,2
DA:66,1
DA:72,1
DA:74,1
DA:75,3
DA:76,3
DA:78,3
DA:79,2
DA:82,3
DA:85,2
DA:93,2
DA:101,1
LF:22
LH:22
BRDA:1,0,0,0
BRDA:31,1,0,2
BRDA:31,1,1,1
BRDA:32,2,0,1
BRDA:32,2,1,1
BRDA:33,3,0,1
BRDA:33,3,1,1
BRDA:34,4,0,1
BRDA:34,4,1,1
BRDA:35,5,0,1
BRDA:35,5,1,1
BRDA:35,6,0,2
BRDA:35,6,1,1
BRDA:36,7,0,1
BRDA:36,7,1,1
BRDA:36,8,0,2
BRDA:36,8,1,1
BRDA:37,9,0,1
BRDA:37,9,1,1
BRDA:38,10,0,1
BRDA:38,10,1,1
BRDA:78,11,0,2
BRDA:78,11,1,1
BRDA:82,12,0,3
BRDA:82,12,1,0
BRF:25
BRH:23
end_of_record
